[0.024s] Invoking command in '/home/zheka/ROS2-Fleet-Management/ros2_ws/build/action_interfaces': CMAKE_PREFIX_PATH=/opt/ros/humble /usr/bin/cmake /home/zheka/ROS2-Fleet-Management/ros2_ws/src/action_interfaces -DCMAKE_INSTALL_PREFIX=/home/zheka/ROS2-Fleet-Management/ros2_ws/install/action_interfaces
[0.103s] -- The C compiler identification is GNU 11.4.0
[0.182s] -- The CXX compiler identification is GNU 11.4.0
[0.188s] -- Detecting C compiler ABI info
[0.246s] -- Detecting C compiler ABI info - done
[0.251s] -- Check for working C compiler: /usr/bin/cc - skipped
[0.251s] -- Detecting C compile features
[0.252s] -- Detecting C compile features - done
[0.254s] -- Detecting CXX compiler ABI info
[0.309s] -- Detecting CXX compiler ABI info - done
[0.314s] -- Check for working CXX compiler: /usr/bin/c++ - skipped
[0.315s] -- Detecting CXX compile features
[0.315s] -- Detecting CXX compile features - done
[0.322s] -- Found ament_cmake: 1.3.5 (/opt/ros/humble/share/ament_cmake/cmake)
[0.419s] -- Found Python3: /usr/bin/python3.10 (found version "3.10.12") found components: Interpreter 
[0.467s] -- Found ament_lint_auto: 0.12.8 (/opt/ros/humble/share/ament_lint_auto/cmake)
[0.505s] -- Found rosidl_default_generators: 1.2.0 (/opt/ros/humble/share/rosidl_default_generators/cmake)
[0.507s] -- Using all available rosidl_typesupport_c: rosidl_typesupport_fastrtps_c;rosidl_typesupport_introspection_c
[0.512s] -- Found rosidl_adapter: 3.1.5 (/opt/ros/humble/share/rosidl_adapter/cmake)
[0.540s] -- Using all available rosidl_typesupport_cpp: rosidl_typesupport_fastrtps_cpp;rosidl_typesupport_introspection_cpp
[0.731s] -- Found ament_cmake_ros: 0.10.0 (/opt/ros/humble/share/ament_cmake_ros/cmake)
[0.846s] -- Using all available rosidl_typesupport_c: rosidl_typesupport_fastrtps_c;rosidl_typesupport_introspection_c
[0.985s] -- Using all available rosidl_typesupport_cpp: rosidl_typesupport_fastrtps_cpp;rosidl_typesupport_introspection_cpp
[0.998s] -- Found PythonInterp: /usr/bin/python3 (found suitable version "3.10.12", minimum required is "3.6") 
[0.999s] -- Found python_cmake_module: 0.10.0 (/opt/ros/humble/share/python_cmake_module/cmake)
[1.015s] -- Found PythonLibs: /usr/lib/aarch64-linux-gnu/libpython3.10.so (found suitable version "3.10.12", minimum required is "3.5") 
[1.015s] -- Using PYTHON_EXECUTABLE: /usr/bin/python3
[1.015s] -- Using PYTHON_INCLUDE_DIRS: /usr/include/python3.10
[1.015s] -- Using PYTHON_LIBRARIES: /usr/lib/aarch64-linux-gnu/libpython3.10.so
[1.028s] -- Found PythonExtra: .so  
[1.054s] -- Added test 'lint_cmake' to check CMake code style
[1.054s] -- Added test 'xmllint' to check XML markup files
[1.057s] -- Configuring done
[1.076s] -- Generating done
[1.078s] -- Build files have been written to: /home/zheka/ROS2-Fleet-Management/ros2_ws/build/action_interfaces
[1.083s] Invoked command in '/home/zheka/ROS2-Fleet-Management/ros2_ws/build/action_interfaces' returned '0': CMAKE_PREFIX_PATH=/opt/ros/humble /usr/bin/cmake /home/zheka/ROS2-Fleet-Management/ros2_ws/src/action_interfaces -DCMAKE_INSTALL_PREFIX=/home/zheka/ROS2-Fleet-Management/ros2_ws/install/action_interfaces
[1.084s] Invoking command in '/home/zheka/ROS2-Fleet-Management/ros2_ws/build/action_interfaces': CMAKE_PREFIX_PATH=/opt/ros/humble /usr/bin/cmake --build /home/zheka/ROS2-Fleet-Management/ros2_ws/build/action_interfaces -- -j2 -l2
[1.114s] [  3%] [34m[1mGenerating C code for ROS interfaces[0m
[1.122s] [  6%] [34m[1mGenerating C++ code for ROS interfaces[0m
[1.386s] [  6%] Built target action_interfaces__cpp
[1.401s] [  9%] [32mBuilding C object CMakeFiles/action_interfaces__rosidl_generator_c.dir/rosidl_generator_c/action_interfaces/action/detail/fleet_management__functions.c.o[0m
[1.408s] [  9%] Built target ament_cmake_python_copy_action_interfaces
[1.418s] [ 12%] [34m[1mGenerating C++ type support dispatch for ROS interfaces[0m
[1.492s] [ 16%] [32m[1mLinking C shared library libaction_interfaces__rosidl_generator_c.so[0m
[1.517s] [ 16%] Built target action_interfaces__rosidl_generator_c
[1.531s] [ 19%] [34m[1mGenerating C++ type support for eProsima Fast-RTPS[0m
[1.583s] [ 22%] [32mBuilding CXX object CMakeFiles/action_interfaces__rosidl_typesupport_cpp.dir/rosidl_typesupport_cpp/action_interfaces/action/fleet_management__type_support.cpp.o[0m
[1.778s] [ 25%] [32mBuilding CXX object CMakeFiles/action_interfaces__rosidl_typesupport_fastrtps_cpp.dir/rosidl_typesupport_fastrtps_cpp/action_interfaces/action/detail/dds_fastrtps/fleet_management__type_support.cpp.o[0m
[2.020s] [ 29%] [32m[1mLinking CXX shared library libaction_interfaces__rosidl_typesupport_cpp.so[0m
[2.099s] [ 29%] Built target action_interfaces__rosidl_typesupport_cpp
[2.121s] [ 32%] [34m[1mGenerating C++ introspection for ROS interfaces[0m
[2.383s] [ 35%] [32m[1mLinking CXX shared library libaction_interfaces__rosidl_typesupport_fastrtps_cpp.so[0m
[2.461s] [ 38%] [32mBuilding CXX object CMakeFiles/action_interfaces__rosidl_typesupport_introspection_cpp.dir/rosidl_typesupport_introspection_cpp/action_interfaces/action/detail/fleet_management__type_support.cpp.o[0m
[2.473s] [ 38%] Built target action_interfaces__rosidl_typesupport_fastrtps_cpp
[2.749s] running egg_info
[2.750s] creating action_interfaces.egg-info
[2.750s] writing action_interfaces.egg-info/PKG-INFO
[2.750s] writing dependency_links to action_interfaces.egg-info/dependency_links.txt
[2.750s] writing top-level names to action_interfaces.egg-info/top_level.txt
[2.750s] writing manifest file 'action_interfaces.egg-info/SOURCES.txt'
[2.753s] reading manifest file 'action_interfaces.egg-info/SOURCES.txt'
[2.753s] writing manifest file 'action_interfaces.egg-info/SOURCES.txt'
[2.801s] [ 38%] Built target ament_cmake_python_build_action_interfaces_egg
[2.826s] [ 41%] [34m[1mGenerating C type support for eProsima Fast-RTPS[0m
[3.055s] [ 45%] [32m[1mLinking CXX shared library libaction_interfaces__rosidl_typesupport_introspection_cpp.so[0m
[3.071s] [ 48%] [32mBuilding CXX object CMakeFiles/action_interfaces__rosidl_typesupport_fastrtps_c.dir/rosidl_typesupport_fastrtps_c/action_interfaces/action/detail/fleet_management__type_support_c.cpp.o[0m
[3.098s] [ 48%] Built target action_interfaces__rosidl_typesupport_introspection_cpp
[3.107s] [ 51%] [34m[1mGenerating C introspection for ROS interfaces[0m
[3.285s] [ 54%] [32m[1mLinking CXX shared library libaction_interfaces__rosidl_typesupport_fastrtps_c.so[0m
[3.312s] [ 58%] [32mBuilding C object CMakeFiles/action_interfaces__rosidl_typesupport_introspection_c.dir/rosidl_typesupport_introspection_c/action_interfaces/action/detail/fleet_management__type_support.c.o[0m
[3.335s] [ 58%] Built target action_interfaces__rosidl_typesupport_fastrtps_c
[3.348s] [ 61%] [34m[1mGenerating C type support dispatch for ROS interfaces[0m
[3.385s] [ 64%] [32m[1mLinking C shared library libaction_interfaces__rosidl_typesupport_introspection_c.so[0m
[3.414s] [ 64%] Built target action_interfaces__rosidl_typesupport_introspection_c
[3.545s] [ 67%] [32mBuilding CXX object CMakeFiles/action_interfaces__rosidl_typesupport_c.dir/rosidl_typesupport_c/action_interfaces/action/fleet_management__type_support.cpp.o[0m
[3.602s] [ 70%] [32m[1mLinking CXX shared library libaction_interfaces__rosidl_typesupport_c.so[0m
[3.638s] [ 70%] Built target action_interfaces__rosidl_typesupport_c
[3.657s] [ 70%] Built target action_interfaces
[3.676s] [ 74%] [34m[1mGenerating Python code for ROS interfaces[0m
[4.114s] [ 74%] Built target action_interfaces__py
[4.130s] [ 77%] [32mBuilding C object CMakeFiles/action_interfaces__rosidl_generator_py.dir/rosidl_generator_py/action_interfaces/action/_fleet_management_s.c.o[0m
[4.241s] [ 80%] [32m[1mLinking C shared library rosidl_generator_py/action_interfaces/libaction_interfaces__rosidl_generator_py.so[0m
[4.269s] [ 80%] Built target action_interfaces__rosidl_generator_py
[4.286s] [ 83%] [32mBuilding C object CMakeFiles/action_interfaces__rosidl_typesupport_introspection_c__pyext.dir/rosidl_generator_py/action_interfaces/_action_interfaces_s.ep.rosidl_typesupport_introspection_c.c.o[0m
[4.286s] [ 87%] [32mBuilding C object CMakeFiles/action_interfaces__rosidl_typesupport_fastrtps_c__pyext.dir/rosidl_generator_py/action_interfaces/_action_interfaces_s.ep.rosidl_typesupport_fastrtps_c.c.o[0m
[4.357s] [ 90%] [32m[1mLinking C shared library rosidl_generator_py/action_interfaces/action_interfaces_s__rosidl_typesupport_introspection_c.cpython-310-aarch64-linux-gnu.so[0m
[4.366s] [ 93%] [32m[1mLinking C shared library rosidl_generator_py/action_interfaces/action_interfaces_s__rosidl_typesupport_fastrtps_c.cpython-310-aarch64-linux-gnu.so[0m
[4.413s] [ 93%] Built target action_interfaces__rosidl_typesupport_introspection_c__pyext
[4.421s] [ 93%] Built target action_interfaces__rosidl_typesupport_fastrtps_c__pyext
[4.441s] [ 96%] [32mBuilding C object CMakeFiles/action_interfaces__rosidl_typesupport_c__pyext.dir/rosidl_generator_py/action_interfaces/_action_interfaces_s.ep.rosidl_typesupport_c.c.o[0m
[4.520s] [100%] [32m[1mLinking C shared library rosidl_generator_py/action_interfaces/action_interfaces_s__rosidl_typesupport_c.cpython-310-aarch64-linux-gnu.so[0m
[4.551s] [100%] Built target action_interfaces__rosidl_typesupport_c__pyext
[4.569s] Invoked command in '/home/zheka/ROS2-Fleet-Management/ros2_ws/build/action_interfaces' returned '0': CMAKE_PREFIX_PATH=/opt/ros/humble /usr/bin/cmake --build /home/zheka/ROS2-Fleet-Management/ros2_ws/build/action_interfaces -- -j2 -l2
[4.637s] Invoking command in '/home/zheka/ROS2-Fleet-Management/ros2_ws/build/action_interfaces': CMAKE_PREFIX_PATH=/opt/ros/humble /usr/bin/cmake --install /home/zheka/ROS2-Fleet-Management/ros2_ws/build/action_interfaces
[4.646s] -- Install configuration: ""
[4.646s] -- Installing: /home/zheka/ROS2-Fleet-Management/ros2_ws/install/action_interfaces/share/ament_index/resource_index/rosidl_interfaces/action_interfaces
[4.647s] -- Installing: /home/zheka/ROS2-Fleet-Management/ros2_ws/install/action_interfaces/include/action_interfaces/action_interfaces
[4.647s] -- Installing: /home/zheka/ROS2-Fleet-Management/ros2_ws/install/action_interfaces/include/action_interfaces/action_interfaces/action
[4.647s] -- Installing: /home/zheka/ROS2-Fleet-Management/ros2_ws/install/action_interfaces/include/action_interfaces/action_interfaces/action/detail
[4.647s] -- Installing: /home/zheka/ROS2-Fleet-Management/ros2_ws/install/action_interfaces/include/action_interfaces/action_interfaces/action/detail/fleet_management__functions.h
[4.647s] -- Installing: /home/zheka/ROS2-Fleet-Management/ros2_ws/install/action_interfaces/include/action_interfaces/action_interfaces/action/detail/fleet_management__type_support.h
[4.647s] -- Installing: /home/zheka/ROS2-Fleet-Management/ros2_ws/install/action_interfaces/include/action_interfaces/action_interfaces/action/detail/fleet_management__functions.c
[4.647s] -- Installing: /home/zheka/ROS2-Fleet-Management/ros2_ws/install/action_interfaces/include/action_interfaces/action_interfaces/action/detail/fleet_management__struct.h
[4.647s] -- Installing: /home/zheka/ROS2-Fleet-Management/ros2_ws/install/action_interfaces/include/action_interfaces/action_interfaces/action/fleet_management.h
[4.647s] -- Installing: /home/zheka/ROS2-Fleet-Management/ros2_ws/install/action_interfaces/include/action_interfaces/action_interfaces/msg
[4.648s] -- Installing: /home/zheka/ROS2-Fleet-Management/ros2_ws/install/action_interfaces/include/action_interfaces/action_interfaces/msg/rosidl_generator_c__visibility_control.h
[4.648s] -- Installing: /home/zheka/ROS2-Fleet-Management/ros2_ws/install/action_interfaces/share/action_interfaces/environment/library_path.sh
[4.648s] -- Installing: /home/zheka/ROS2-Fleet-Management/ros2_ws/install/action_interfaces/share/action_interfaces/environment/library_path.dsv
[4.648s] -- Installing: /home/zheka/ROS2-Fleet-Management/ros2_ws/install/action_interfaces/lib/libaction_interfaces__rosidl_generator_c.so
[4.648s] -- Set runtime path of "/home/zheka/ROS2-Fleet-Management/ros2_ws/install/action_interfaces/lib/libaction_interfaces__rosidl_generator_c.so" to ""
[4.648s] -- Up-to-date: /home/zheka/ROS2-Fleet-Management/ros2_ws/install/action_interfaces/include/action_interfaces/action_interfaces
[4.648s] -- Up-to-date: /home/zheka/ROS2-Fleet-Management/ros2_ws/install/action_interfaces/include/action_interfaces/action_interfaces/action
[4.648s] -- Up-to-date: /home/zheka/ROS2-Fleet-Management/ros2_ws/install/action_interfaces/include/action_interfaces/action_interfaces/action/detail
[4.648s] -- Installing: /home/zheka/ROS2-Fleet-Management/ros2_ws/install/action_interfaces/include/action_interfaces/action_interfaces/action/detail/fleet_management__rosidl_typesupport_fastrtps_c.h
[4.649s] -- Up-to-date: /home/zheka/ROS2-Fleet-Management/ros2_ws/install/action_interfaces/include/action_interfaces/action_interfaces/msg
[4.649s] -- Installing: /home/zheka/ROS2-Fleet-Management/ros2_ws/install/action_interfaces/include/action_interfaces/action_interfaces/msg/rosidl_typesupport_fastrtps_c__visibility_control.h
[4.649s] -- Installing: /home/zheka/ROS2-Fleet-Management/ros2_ws/install/action_interfaces/lib/libaction_interfaces__rosidl_typesupport_fastrtps_c.so
[4.649s] -- Set runtime path of "/home/zheka/ROS2-Fleet-Management/ros2_ws/install/action_interfaces/lib/libaction_interfaces__rosidl_typesupport_fastrtps_c.so" to ""
[4.649s] -- Up-to-date: /home/zheka/ROS2-Fleet-Management/ros2_ws/install/action_interfaces/include/action_interfaces/action_interfaces
[4.649s] -- Up-to-date: /home/zheka/ROS2-Fleet-Management/ros2_ws/install/action_interfaces/include/action_interfaces/action_interfaces/action
[4.649s] -- Up-to-date: /home/zheka/ROS2-Fleet-Management/ros2_ws/install/action_interfaces/include/action_interfaces/action_interfaces/action/detail
[4.649s] -- Installing: /home/zheka/ROS2-Fleet-Management/ros2_ws/install/action_interfaces/include/action_interfaces/action_interfaces/action/detail/fleet_management__type_support.c
[4.649s] -- Installing: /home/zheka/ROS2-Fleet-Management/ros2_ws/install/action_interfaces/include/action_interfaces/action_interfaces/action/detail/fleet_management__rosidl_typesupport_introspection_c.h
[4.649s] -- Up-to-date: /home/zheka/ROS2-Fleet-Management/ros2_ws/install/action_interfaces/include/action_interfaces/action_interfaces/msg
[4.650s] -- Installing: /home/zheka/ROS2-Fleet-Management/ros2_ws/install/action_interfaces/include/action_interfaces/action_interfaces/msg/rosidl_typesupport_introspection_c__visibility_control.h
[4.650s] -- Installing: /home/zheka/ROS2-Fleet-Management/ros2_ws/install/action_interfaces/lib/libaction_interfaces__rosidl_typesupport_introspection_c.so
[4.650s] -- Set runtime path of "/home/zheka/ROS2-Fleet-Management/ros2_ws/install/action_interfaces/lib/libaction_interfaces__rosidl_typesupport_introspection_c.so" to ""
[4.650s] -- Installing: /home/zheka/ROS2-Fleet-Management/ros2_ws/install/action_interfaces/lib/libaction_interfaces__rosidl_typesupport_c.so
[4.650s] -- Set runtime path of "/home/zheka/ROS2-Fleet-Management/ros2_ws/install/action_interfaces/lib/libaction_interfaces__rosidl_typesupport_c.so" to ""
[4.650s] -- Up-to-date: /home/zheka/ROS2-Fleet-Management/ros2_ws/install/action_interfaces/include/action_interfaces/action_interfaces
[4.650s] -- Up-to-date: /home/zheka/ROS2-Fleet-Management/ros2_ws/install/action_interfaces/include/action_interfaces/action_interfaces/action
[4.650s] -- Installing: /home/zheka/ROS2-Fleet-Management/ros2_ws/install/action_interfaces/include/action_interfaces/action_interfaces/action/fleet_management.hpp
[4.650s] -- Up-to-date: /home/zheka/ROS2-Fleet-Management/ros2_ws/install/action_interfaces/include/action_interfaces/action_interfaces/action/detail
[4.650s] -- Installing: /home/zheka/ROS2-Fleet-Management/ros2_ws/install/action_interfaces/include/action_interfaces/action_interfaces/action/detail/fleet_management__traits.hpp
[4.651s] -- Installing: /home/zheka/ROS2-Fleet-Management/ros2_ws/install/action_interfaces/include/action_interfaces/action_interfaces/action/detail/fleet_management__builder.hpp
[4.651s] -- Installing: /home/zheka/ROS2-Fleet-Management/ros2_ws/install/action_interfaces/include/action_interfaces/action_interfaces/action/detail/fleet_management__struct.hpp
[4.651s] -- Up-to-date: /home/zheka/ROS2-Fleet-Management/ros2_ws/install/action_interfaces/include/action_interfaces/action_interfaces
[4.651s] -- Up-to-date: /home/zheka/ROS2-Fleet-Management/ros2_ws/install/action_interfaces/include/action_interfaces/action_interfaces/action
[4.651s] -- Up-to-date: /home/zheka/ROS2-Fleet-Management/ros2_ws/install/action_interfaces/include/action_interfaces/action_interfaces/action/detail
[4.651s] -- Installing: /home/zheka/ROS2-Fleet-Management/ros2_ws/install/action_interfaces/include/action_interfaces/action_interfaces/action/detail/dds_fastrtps
[4.651s] -- Installing: /home/zheka/ROS2-Fleet-Management/ros2_ws/install/action_interfaces/include/action_interfaces/action_interfaces/action/detail/fleet_management__rosidl_typesupport_fastrtps_cpp.hpp
[4.651s] -- Up-to-date: /home/zheka/ROS2-Fleet-Management/ros2_ws/install/action_interfaces/include/action_interfaces/action_interfaces/msg
[4.651s] -- Installing: /home/zheka/ROS2-Fleet-Management/ros2_ws/install/action_interfaces/include/action_interfaces/action_interfaces/msg/rosidl_typesupport_fastrtps_cpp__visibility_control.h
[4.651s] -- Installing: /home/zheka/ROS2-Fleet-Management/ros2_ws/install/action_interfaces/lib/libaction_interfaces__rosidl_typesupport_fastrtps_cpp.so
[4.652s] -- Set runtime path of "/home/zheka/ROS2-Fleet-Management/ros2_ws/install/action_interfaces/lib/libaction_interfaces__rosidl_typesupport_fastrtps_cpp.so" to ""
[4.652s] -- Up-to-date: /home/zheka/ROS2-Fleet-Management/ros2_ws/install/action_interfaces/include/action_interfaces/action_interfaces
[4.652s] -- Up-to-date: /home/zheka/ROS2-Fleet-Management/ros2_ws/install/action_interfaces/include/action_interfaces/action_interfaces/action
[4.652s] -- Up-to-date: /home/zheka/ROS2-Fleet-Management/ros2_ws/install/action_interfaces/include/action_interfaces/action_interfaces/action/detail
[4.652s] -- Installing: /home/zheka/ROS2-Fleet-Management/ros2_ws/install/action_interfaces/include/action_interfaces/action_interfaces/action/detail/fleet_management__type_support.cpp
[4.652s] -- Installing: /home/zheka/ROS2-Fleet-Management/ros2_ws/install/action_interfaces/include/action_interfaces/action_interfaces/action/detail/fleet_management__rosidl_typesupport_introspection_cpp.hpp
[4.652s] -- Installing: /home/zheka/ROS2-Fleet-Management/ros2_ws/install/action_interfaces/lib/libaction_interfaces__rosidl_typesupport_introspection_cpp.so
[4.654s] -- Set runtime path of "/home/zheka/ROS2-Fleet-Management/ros2_ws/install/action_interfaces/lib/libaction_interfaces__rosidl_typesupport_introspection_cpp.so" to ""
[4.654s] -- Installing: /home/zheka/ROS2-Fleet-Management/ros2_ws/install/action_interfaces/lib/libaction_interfaces__rosidl_typesupport_cpp.so
[4.654s] -- Set runtime path of "/home/zheka/ROS2-Fleet-Management/ros2_ws/install/action_interfaces/lib/libaction_interfaces__rosidl_typesupport_cpp.so" to ""
[4.654s] -- Installing: /home/zheka/ROS2-Fleet-Management/ros2_ws/install/action_interfaces/share/action_interfaces/environment/pythonpath.sh
[4.654s] -- Installing: /home/zheka/ROS2-Fleet-Management/ros2_ws/install/action_interfaces/share/action_interfaces/environment/pythonpath.dsv
[4.654s] -- Installing: /home/zheka/ROS2-Fleet-Management/ros2_ws/install/action_interfaces/local/lib/python3.10/dist-packages/action_interfaces-0.0.0-py3.10.egg-info
[4.654s] -- Installing: /home/zheka/ROS2-Fleet-Management/ros2_ws/install/action_interfaces/local/lib/python3.10/dist-packages/action_interfaces-0.0.0-py3.10.egg-info/top_level.txt
[4.654s] -- Installing: /home/zheka/ROS2-Fleet-Management/ros2_ws/install/action_interfaces/local/lib/python3.10/dist-packages/action_interfaces-0.0.0-py3.10.egg-info/PKG-INFO
[4.654s] -- Installing: /home/zheka/ROS2-Fleet-Management/ros2_ws/install/action_interfaces/local/lib/python3.10/dist-packages/action_interfaces-0.0.0-py3.10.egg-info/SOURCES.txt
[4.654s] -- Installing: /home/zheka/ROS2-Fleet-Management/ros2_ws/install/action_interfaces/local/lib/python3.10/dist-packages/action_interfaces-0.0.0-py3.10.egg-info/dependency_links.txt
[4.654s] -- Installing: /home/zheka/ROS2-Fleet-Management/ros2_ws/install/action_interfaces/local/lib/python3.10/dist-packages/action_interfaces
[4.654s] -- Installing: /home/zheka/ROS2-Fleet-Management/ros2_ws/install/action_interfaces/local/lib/python3.10/dist-packages/action_interfaces/__init__.py
[4.654s] -- Installing: /home/zheka/ROS2-Fleet-Management/ros2_ws/install/action_interfaces/local/lib/python3.10/dist-packages/action_interfaces/action
[4.654s] -- Installing: /home/zheka/ROS2-Fleet-Management/ros2_ws/install/action_interfaces/local/lib/python3.10/dist-packages/action_interfaces/action/__init__.py
[4.654s] -- Installing: /home/zheka/ROS2-Fleet-Management/ros2_ws/install/action_interfaces/local/lib/python3.10/dist-packages/action_interfaces/action/_fleet_management_s.c
[4.654s] -- Installing: /home/zheka/ROS2-Fleet-Management/ros2_ws/install/action_interfaces/local/lib/python3.10/dist-packages/action_interfaces/action/_fleet_management.py
[4.654s] -- Installing: /home/zheka/ROS2-Fleet-Management/ros2_ws/install/action_interfaces/local/lib/python3.10/dist-packages/action_interfaces/_action_interfaces_s.ep.rosidl_typesupport_introspection_c.c
[4.654s] -- Installing: /home/zheka/ROS2-Fleet-Management/ros2_ws/install/action_interfaces/local/lib/python3.10/dist-packages/action_interfaces/libaction_interfaces__rosidl_generator_py.so
[4.654s] -- Installing: /home/zheka/ROS2-Fleet-Management/ros2_ws/install/action_interfaces/local/lib/python3.10/dist-packages/action_interfaces/action_interfaces_s__rosidl_typesupport_introspection_c.cpython-310-aarch64-linux-gnu.so
[4.654s] -- Installing: /home/zheka/ROS2-Fleet-Management/ros2_ws/install/action_interfaces/local/lib/python3.10/dist-packages/action_interfaces/_action_interfaces_s.ep.rosidl_typesupport_fastrtps_c.c
[4.654s] -- Installing: /home/zheka/ROS2-Fleet-Management/ros2_ws/install/action_interfaces/local/lib/python3.10/dist-packages/action_interfaces/_action_interfaces_s.ep.rosidl_typesupport_c.c
[4.655s] -- Installing: /home/zheka/ROS2-Fleet-Management/ros2_ws/install/action_interfaces/local/lib/python3.10/dist-packages/action_interfaces/action_interfaces_s__rosidl_typesupport_c.cpython-310-aarch64-linux-gnu.so
[4.655s] -- Installing: /home/zheka/ROS2-Fleet-Management/ros2_ws/install/action_interfaces/local/lib/python3.10/dist-packages/action_interfaces/action_interfaces_s__rosidl_typesupport_fastrtps_c.cpython-310-aarch64-linux-gnu.so
[4.683s] Listing '/home/zheka/ROS2-Fleet-Management/ros2_ws/install/action_interfaces/local/lib/python3.10/dist-packages/action_interfaces'...
[4.683s] Compiling '/home/zheka/ROS2-Fleet-Management/ros2_ws/install/action_interfaces/local/lib/python3.10/dist-packages/action_interfaces/__init__.py'...
[4.683s] Listing '/home/zheka/ROS2-Fleet-Management/ros2_ws/install/action_interfaces/local/lib/python3.10/dist-packages/action_interfaces/action'...
[4.683s] Compiling '/home/zheka/ROS2-Fleet-Management/ros2_ws/install/action_interfaces/local/lib/python3.10/dist-packages/action_interfaces/action/__init__.py'...
[4.683s] Compiling '/home/zheka/ROS2-Fleet-Management/ros2_ws/install/action_interfaces/local/lib/python3.10/dist-packages/action_interfaces/action/_fleet_management.py'...
[4.687s] -- Installing: /home/zheka/ROS2-Fleet-Management/ros2_ws/install/action_interfaces/local/lib/python3.10/dist-packages/action_interfaces/action_interfaces_s__rosidl_typesupport_fastrtps_c.cpython-310-aarch64-linux-gnu.so
[4.687s] -- Set runtime path of "/home/zheka/ROS2-Fleet-Management/ros2_ws/install/action_interfaces/local/lib/python3.10/dist-packages/action_interfaces/action_interfaces_s__rosidl_typesupport_fastrtps_c.cpython-310-aarch64-linux-gnu.so" to ""
[4.687s] -- Installing: /home/zheka/ROS2-Fleet-Management/ros2_ws/install/action_interfaces/local/lib/python3.10/dist-packages/action_interfaces/action_interfaces_s__rosidl_typesupport_introspection_c.cpython-310-aarch64-linux-gnu.so
[4.687s] -- Set runtime path of "/home/zheka/ROS2-Fleet-Management/ros2_ws/install/action_interfaces/local/lib/python3.10/dist-packages/action_interfaces/action_interfaces_s__rosidl_typesupport_introspection_c.cpython-310-aarch64-linux-gnu.so" to ""
[4.688s] -- Installing: /home/zheka/ROS2-Fleet-Management/ros2_ws/install/action_interfaces/local/lib/python3.10/dist-packages/action_interfaces/action_interfaces_s__rosidl_typesupport_c.cpython-310-aarch64-linux-gnu.so
[4.688s] -- Set runtime path of "/home/zheka/ROS2-Fleet-Management/ros2_ws/install/action_interfaces/local/lib/python3.10/dist-packages/action_interfaces/action_interfaces_s__rosidl_typesupport_c.cpython-310-aarch64-linux-gnu.so" to ""
[4.688s] -- Installing: /home/zheka/ROS2-Fleet-Management/ros2_ws/install/action_interfaces/lib/libaction_interfaces__rosidl_generator_py.so
[4.688s] -- Set runtime path of "/home/zheka/ROS2-Fleet-Management/ros2_ws/install/action_interfaces/lib/libaction_interfaces__rosidl_generator_py.so" to ""
[4.688s] -- Installing: /home/zheka/ROS2-Fleet-Management/ros2_ws/install/action_interfaces/share/action_interfaces/action/FleetManagement.idl
[4.688s] -- Installing: /home/zheka/ROS2-Fleet-Management/ros2_ws/install/action_interfaces/share/action_interfaces/action/FleetManagement.action
[4.689s] -- Installing: /home/zheka/ROS2-Fleet-Management/ros2_ws/install/action_interfaces/share/ament_index/resource_index/package_run_dependencies/action_interfaces
[4.689s] -- Installing: /home/zheka/ROS2-Fleet-Management/ros2_ws/install/action_interfaces/share/ament_index/resource_index/parent_prefix_path/action_interfaces
[4.689s] -- Installing: /home/zheka/ROS2-Fleet-Management/ros2_ws/install/action_interfaces/share/action_interfaces/environment/ament_prefix_path.sh
[4.689s] -- Installing: /home/zheka/ROS2-Fleet-Management/ros2_ws/install/action_interfaces/share/action_interfaces/environment/ament_prefix_path.dsv
[4.689s] -- Installing: /home/zheka/ROS2-Fleet-Management/ros2_ws/install/action_interfaces/share/action_interfaces/environment/path.sh
[4.689s] -- Installing: /home/zheka/ROS2-Fleet-Management/ros2_ws/install/action_interfaces/share/action_interfaces/environment/path.dsv
[4.689s] -- Installing: /home/zheka/ROS2-Fleet-Management/ros2_ws/install/action_interfaces/share/action_interfaces/local_setup.bash
[4.689s] -- Installing: /home/zheka/ROS2-Fleet-Management/ros2_ws/install/action_interfaces/share/action_interfaces/local_setup.sh
[4.689s] -- Installing: /home/zheka/ROS2-Fleet-Management/ros2_ws/install/action_interfaces/share/action_interfaces/local_setup.zsh
[4.690s] -- Installing: /home/zheka/ROS2-Fleet-Management/ros2_ws/install/action_interfaces/share/action_interfaces/local_setup.dsv
[4.690s] -- Installing: /home/zheka/ROS2-Fleet-Management/ros2_ws/install/action_interfaces/share/action_interfaces/package.dsv
[4.690s] -- Installing: /home/zheka/ROS2-Fleet-Management/ros2_ws/install/action_interfaces/share/ament_index/resource_index/packages/action_interfaces
[4.690s] -- Installing: /home/zheka/ROS2-Fleet-Management/ros2_ws/install/action_interfaces/share/action_interfaces/cmake/export_action_interfaces__rosidl_generator_cExport.cmake
[4.690s] -- Installing: /home/zheka/ROS2-Fleet-Management/ros2_ws/install/action_interfaces/share/action_interfaces/cmake/export_action_interfaces__rosidl_generator_cExport-noconfig.cmake
[4.690s] -- Installing: /home/zheka/ROS2-Fleet-Management/ros2_ws/install/action_interfaces/share/action_interfaces/cmake/export_action_interfaces__rosidl_typesupport_fastrtps_cExport.cmake
[4.690s] -- Installing: /home/zheka/ROS2-Fleet-Management/ros2_ws/install/action_interfaces/share/action_interfaces/cmake/export_action_interfaces__rosidl_typesupport_fastrtps_cExport-noconfig.cmake
[4.691s] -- Installing: /home/zheka/ROS2-Fleet-Management/ros2_ws/install/action_interfaces/share/action_interfaces/cmake/action_interfaces__rosidl_typesupport_introspection_cExport.cmake
[4.691s] -- Installing: /home/zheka/ROS2-Fleet-Management/ros2_ws/install/action_interfaces/share/action_interfaces/cmake/action_interfaces__rosidl_typesupport_introspection_cExport-noconfig.cmake
[4.691s] -- Installing: /home/zheka/ROS2-Fleet-Management/ros2_ws/install/action_interfaces/share/action_interfaces/cmake/action_interfaces__rosidl_typesupport_cExport.cmake
[4.691s] -- Installing: /home/zheka/ROS2-Fleet-Management/ros2_ws/install/action_interfaces/share/action_interfaces/cmake/action_interfaces__rosidl_typesupport_cExport-noconfig.cmake
[4.691s] -- Installing: /home/zheka/ROS2-Fleet-Management/ros2_ws/install/action_interfaces/share/action_interfaces/cmake/export_action_interfaces__rosidl_generator_cppExport.cmake
[4.691s] -- Installing: /home/zheka/ROS2-Fleet-Management/ros2_ws/install/action_interfaces/share/action_interfaces/cmake/export_action_interfaces__rosidl_typesupport_fastrtps_cppExport.cmake
[4.691s] -- Installing: /home/zheka/ROS2-Fleet-Management/ros2_ws/install/action_interfaces/share/action_interfaces/cmake/export_action_interfaces__rosidl_typesupport_fastrtps_cppExport-noconfig.cmake
[4.691s] -- Installing: /home/zheka/ROS2-Fleet-Management/ros2_ws/install/action_interfaces/share/action_interfaces/cmake/action_interfaces__rosidl_typesupport_introspection_cppExport.cmake
[4.692s] -- Installing: /home/zheka/ROS2-Fleet-Management/ros2_ws/install/action_interfaces/share/action_interfaces/cmake/action_interfaces__rosidl_typesupport_introspection_cppExport-noconfig.cmake
[4.692s] -- Installing: /home/zheka/ROS2-Fleet-Management/ros2_ws/install/action_interfaces/share/action_interfaces/cmake/action_interfaces__rosidl_typesupport_cppExport.cmake
[4.692s] -- Installing: /home/zheka/ROS2-Fleet-Management/ros2_ws/install/action_interfaces/share/action_interfaces/cmake/action_interfaces__rosidl_typesupport_cppExport-noconfig.cmake
[4.692s] -- Installing: /home/zheka/ROS2-Fleet-Management/ros2_ws/install/action_interfaces/share/action_interfaces/cmake/export_action_interfaces__rosidl_generator_pyExport.cmake
[4.692s] -- Installing: /home/zheka/ROS2-Fleet-Management/ros2_ws/install/action_interfaces/share/action_interfaces/cmake/export_action_interfaces__rosidl_generator_pyExport-noconfig.cmake
[4.692s] -- Installing: /home/zheka/ROS2-Fleet-Management/ros2_ws/install/action_interfaces/share/action_interfaces/cmake/rosidl_cmake-extras.cmake
[4.692s] -- Installing: /home/zheka/ROS2-Fleet-Management/ros2_ws/install/action_interfaces/share/action_interfaces/cmake/ament_cmake_export_dependencies-extras.cmake
[4.693s] -- Installing: /home/zheka/ROS2-Fleet-Management/ros2_ws/install/action_interfaces/share/action_interfaces/cmake/ament_cmake_export_include_directories-extras.cmake
[4.693s] -- Installing: /home/zheka/ROS2-Fleet-Management/ros2_ws/install/action_interfaces/share/action_interfaces/cmake/ament_cmake_export_libraries-extras.cmake
[4.693s] -- Installing: /home/zheka/ROS2-Fleet-Management/ros2_ws/install/action_interfaces/share/action_interfaces/cmake/ament_cmake_export_targets-extras.cmake
[4.693s] -- Installing: /home/zheka/ROS2-Fleet-Management/ros2_ws/install/action_interfaces/share/action_interfaces/cmake/rosidl_cmake_export_typesupport_targets-extras.cmake
[4.693s] -- Installing: /home/zheka/ROS2-Fleet-Management/ros2_ws/install/action_interfaces/share/action_interfaces/cmake/rosidl_cmake_export_typesupport_libraries-extras.cmake
[4.693s] -- Installing: /home/zheka/ROS2-Fleet-Management/ros2_ws/install/action_interfaces/share/action_interfaces/cmake/action_interfacesConfig.cmake
[4.693s] -- Installing: /home/zheka/ROS2-Fleet-Management/ros2_ws/install/action_interfaces/share/action_interfaces/cmake/action_interfacesConfig-version.cmake
[4.695s] -- Installing: /home/zheka/ROS2-Fleet-Management/ros2_ws/install/action_interfaces/share/action_interfaces/package.xml
[4.701s] Invoked command in '/home/zheka/ROS2-Fleet-Management/ros2_ws/build/action_interfaces' returned '0': CMAKE_PREFIX_PATH=/opt/ros/humble /usr/bin/cmake --install /home/zheka/ROS2-Fleet-Management/ros2_ws/build/action_interfaces
