-- Found ament_cmake: 1.3.5 (/opt/ros/humble/share/ament_cmake/cmake)
-- Found ament_lint_auto: 0.12.8 (/opt/ros/humble/share/ament_lint_auto/cmake)
-- Found rosidl_default_generators: 1.2.0 (/opt/ros/humble/share/rosidl_default_generators/cmake)
-- Using all available rosidl_typesupport_c: rosidl_typesupport_fastrtps_c;rosidl_typesupport_introspection_c
-- Found rosidl_adapter: 3.1.5 (/opt/ros/humble/share/rosidl_adapter/cmake)
-- Using all available rosidl_typesupport_cpp: rosidl_typesupport_fastrtps_cpp;rosidl_typesupport_introspection_cpp
-- Found ament_cmake_ros: 0.10.0 (/opt/ros/humble/share/ament_cmake_ros/cmake)
-- Using all available rosidl_typesupport_c: rosidl_typesupport_fastrtps_c;rosidl_typesupport_introspection_c
-- Using all available rosidl_typesupport_cpp: rosidl_typesupport_fastrtps_cpp;rosidl_typesupport_introspection_cpp
-- Found python_cmake_module: 0.10.0 (/opt/ros/humble/share/python_cmake_module/cmake)
-- Using PYTHON_EXECUTABLE: /usr/bin/python3
-- Using PYTHON_INCLUDE_DIRS: /usr/include/python3.10
-- Using PYTHON_LIBRARIES: /usr/lib/aarch64-linux-gnu/libpython3.10.so
-- Added test 'lint_cmake' to check CMake code style
-- Added test 'xmllint' to check XML markup files
-- Configuring done
-- Generating done
-- Build files have been written to: /home/zheka/ROS2-Fleet-Management/ros2_ws/build/action_interfaces
[  3%] [34m[1mGenerating C code for ROS interfaces[0m
[  6%] [34m[1mGenerating C++ code for ROS interfaces[0m
[35m[1mConsolidate compiler generated dependencies of target action_interfaces__rosidl_generator_c[0m
[  6%] Built target action_interfaces__cpp
[  9%] [32mBuilding C object CMakeFiles/action_interfaces__rosidl_generator_c.dir/rosidl_generator_c/action_interfaces/action/detail/fleet_management__functions.c.o[0m
[  9%] Built target ament_cmake_python_copy_action_interfaces
[ 12%] [34m[1mGenerating C++ type support dispatch for ROS interfaces[0m
[ 16%] [32m[1mLinking C shared library libaction_interfaces__rosidl_generator_c.so[0m
[ 16%] Built target action_interfaces__rosidl_generator_c
[ 19%] [34m[1mGenerating C++ type support for eProsima Fast-RTPS[0m
[35m[1mConsolidate compiler generated dependencies of target action_interfaces__rosidl_typesupport_cpp[0m
[ 22%] [32mBuilding CXX object CMakeFiles/action_interfaces__rosidl_typesupport_cpp.dir/rosidl_typesupport_cpp/action_interfaces/action/fleet_management__type_support.cpp.o[0m
[35m[1mConsolidate compiler generated dependencies of target action_interfaces__rosidl_typesupport_fastrtps_cpp[0m
[ 25%] [32mBuilding CXX object CMakeFiles/action_interfaces__rosidl_typesupport_fastrtps_cpp.dir/rosidl_typesupport_fastrtps_cpp/action_interfaces/action/detail/dds_fastrtps/fleet_management__type_support.cpp.o[0m
[ 29%] [32m[1mLinking CXX shared library libaction_interfaces__rosidl_typesupport_cpp.so[0m
[ 29%] Built target action_interfaces__rosidl_typesupport_cpp
[ 32%] [34m[1mGenerating C++ introspection for ROS interfaces[0m
[35m[1mConsolidate compiler generated dependencies of target action_interfaces__rosidl_typesupport_introspection_cpp[0m
[ 35%] [32m[1mLinking CXX shared library libaction_interfaces__rosidl_typesupport_fastrtps_cpp.so[0m
[ 38%] [32mBuilding CXX object CMakeFiles/action_interfaces__rosidl_typesupport_introspection_cpp.dir/rosidl_typesupport_introspection_cpp/action_interfaces/action/detail/fleet_management__type_support.cpp.o[0m
[ 38%] Built target action_interfaces__rosidl_typesupport_fastrtps_cpp
running egg_info
writing action_interfaces.egg-info/PKG-INFO
writing dependency_links to action_interfaces.egg-info/dependency_links.txt
writing top-level names to action_interfaces.egg-info/top_level.txt
reading manifest file 'action_interfaces.egg-info/SOURCES.txt'
writing manifest file 'action_interfaces.egg-info/SOURCES.txt'
[ 38%] Built target ament_cmake_python_build_action_interfaces_egg
[ 41%] [34m[1mGenerating C type support for eProsima Fast-RTPS[0m
[ 45%] [32m[1mLinking CXX shared library libaction_interfaces__rosidl_typesupport_introspection_cpp.so[0m
[ 45%] Built target action_interfaces__rosidl_typesupport_introspection_cpp
[ 48%] [34m[1mGenerating C introspection for ROS interfaces[0m
[35m[1mConsolidate compiler generated dependencies of target action_interfaces__rosidl_typesupport_fastrtps_c[0m
[ 51%] [32mBuilding CXX object CMakeFiles/action_interfaces__rosidl_typesupport_fastrtps_c.dir/rosidl_typesupport_fastrtps_c/action_interfaces/action/detail/fleet_management__type_support_c.cpp.o[0m
[35m[1mConsolidate compiler generated dependencies of target action_interfaces__rosidl_typesupport_introspection_c[0m
[ 54%] [32mBuilding C object CMakeFiles/action_interfaces__rosidl_typesupport_introspection_c.dir/rosidl_typesupport_introspection_c/action_interfaces/action/detail/fleet_management__type_support.c.o[0m
[ 58%] [32m[1mLinking CXX shared library libaction_interfaces__rosidl_typesupport_fastrtps_c.so[0m
[ 61%] [32m[1mLinking C shared library libaction_interfaces__rosidl_typesupport_introspection_c.so[0m
[ 61%] Built target action_interfaces__rosidl_typesupport_fastrtps_c
[ 64%] [34m[1mGenerating C type support dispatch for ROS interfaces[0m
[ 64%] Built target action_interfaces__rosidl_typesupport_introspection_c
[35m[1mConsolidate compiler generated dependencies of target action_interfaces__rosidl_typesupport_c[0m
[ 67%] [32mBuilding CXX object CMakeFiles/action_interfaces__rosidl_typesupport_c.dir/rosidl_typesupport_c/action_interfaces/action/fleet_management__type_support.cpp.o[0m
[ 70%] [32m[1mLinking CXX shared library libaction_interfaces__rosidl_typesupport_c.so[0m
[ 70%] Built target action_interfaces__rosidl_typesupport_c
[ 70%] Built target action_interfaces
[ 74%] [34m[1mGenerating Python code for ROS interfaces[0m
[ 74%] Built target action_interfaces__py
[35m[1mConsolidate compiler generated dependencies of target action_interfaces__rosidl_generator_py[0m
[ 77%] [32mBuilding C object CMakeFiles/action_interfaces__rosidl_generator_py.dir/rosidl_generator_py/action_interfaces/action/_fleet_management_s.c.o[0m
[ 80%] [32m[1mLinking C shared library rosidl_generator_py/action_interfaces/libaction_interfaces__rosidl_generator_py.so[0m
[ 80%] Built target action_interfaces__rosidl_generator_py
[35m[1mConsolidate compiler generated dependencies of target action_interfaces__rosidl_typesupport_fastrtps_c__pyext[0m
[35m[1mConsolidate compiler generated dependencies of target action_interfaces__rosidl_typesupport_introspection_c__pyext[0m
[ 83%] [32mBuilding C object CMakeFiles/action_interfaces__rosidl_typesupport_fastrtps_c__pyext.dir/rosidl_generator_py/action_interfaces/_action_interfaces_s.ep.rosidl_typesupport_fastrtps_c.c.o[0m
[ 87%] [32mBuilding C object CMakeFiles/action_interfaces__rosidl_typesupport_introspection_c__pyext.dir/rosidl_generator_py/action_interfaces/_action_interfaces_s.ep.rosidl_typesupport_introspection_c.c.o[0m
[ 90%] [32m[1mLinking C shared library rosidl_generator_py/action_interfaces/action_interfaces_s__rosidl_typesupport_introspection_c.cpython-310-aarch64-linux-gnu.so[0m
[ 93%] [32m[1mLinking C shared library rosidl_generator_py/action_interfaces/action_interfaces_s__rosidl_typesupport_fastrtps_c.cpython-310-aarch64-linux-gnu.so[0m
[ 93%] Built target action_interfaces__rosidl_typesupport_introspection_c__pyext
[ 93%] Built target action_interfaces__rosidl_typesupport_fastrtps_c__pyext
[35m[1mConsolidate compiler generated dependencies of target action_interfaces__rosidl_typesupport_c__pyext[0m
[ 96%] [32mBuilding C object CMakeFiles/action_interfaces__rosidl_typesupport_c__pyext.dir/rosidl_generator_py/action_interfaces/_action_interfaces_s.ep.rosidl_typesupport_c.c.o[0m
[100%] [32m[1mLinking C shared library rosidl_generator_py/action_interfaces/action_interfaces_s__rosidl_typesupport_c.cpython-310-aarch64-linux-gnu.so[0m
[100%] Built target action_interfaces__rosidl_typesupport_c__pyext
-- Install configuration: ""
-- Up-to-date: /home/zheka/ROS2-Fleet-Management/ros2_ws/install/action_interfaces/share/ament_index/resource_index/rosidl_interfaces/action_interfaces
-- Up-to-date: /home/zheka/ROS2-Fleet-Management/ros2_ws/install/action_interfaces/include/action_interfaces/action_interfaces
-- Up-to-date: /home/zheka/ROS2-Fleet-Management/ros2_ws/install/action_interfaces/include/action_interfaces/action_interfaces/action
-- Up-to-date: /home/zheka/ROS2-Fleet-Management/ros2_ws/install/action_interfaces/include/action_interfaces/action_interfaces/action/detail
-- Installing: /home/zheka/ROS2-Fleet-Management/ros2_ws/install/action_interfaces/include/action_interfaces/action_interfaces/action/detail/fleet_management__functions.h
-- Installing: /home/zheka/ROS2-Fleet-Management/ros2_ws/install/action_interfaces/include/action_interfaces/action_interfaces/action/detail/fleet_management__type_support.h
-- Installing: /home/zheka/ROS2-Fleet-Management/ros2_ws/install/action_interfaces/include/action_interfaces/action_interfaces/action/detail/fleet_management__functions.c
-- Installing: /home/zheka/ROS2-Fleet-Management/ros2_ws/install/action_interfaces/include/action_interfaces/action_interfaces/action/detail/fleet_management__struct.h
-- Installing: /home/zheka/ROS2-Fleet-Management/ros2_ws/install/action_interfaces/include/action_interfaces/action_interfaces/action/fleet_management.h
-- Up-to-date: /home/zheka/ROS2-Fleet-Management/ros2_ws/install/action_interfaces/include/action_interfaces/action_interfaces/msg
-- Up-to-date: /home/zheka/ROS2-Fleet-Management/ros2_ws/install/action_interfaces/include/action_interfaces/action_interfaces/msg/rosidl_generator_c__visibility_control.h
-- Up-to-date: /home/zheka/ROS2-Fleet-Management/ros2_ws/install/action_interfaces/share/action_interfaces/environment/library_path.sh
-- Installing: /home/zheka/ROS2-Fleet-Management/ros2_ws/install/action_interfaces/share/action_interfaces/environment/library_path.dsv
-- Installing: /home/zheka/ROS2-Fleet-Management/ros2_ws/install/action_interfaces/lib/libaction_interfaces__rosidl_generator_c.so
-- Set runtime path of "/home/zheka/ROS2-Fleet-Management/ros2_ws/install/action_interfaces/lib/libaction_interfaces__rosidl_generator_c.so" to ""
-- Up-to-date: /home/zheka/ROS2-Fleet-Management/ros2_ws/install/action_interfaces/include/action_interfaces/action_interfaces
-- Up-to-date: /home/zheka/ROS2-Fleet-Management/ros2_ws/install/action_interfaces/include/action_interfaces/action_interfaces/action
-- Up-to-date: /home/zheka/ROS2-Fleet-Management/ros2_ws/install/action_interfaces/include/action_interfaces/action_interfaces/action/detail
-- Installing: /home/zheka/ROS2-Fleet-Management/ros2_ws/install/action_interfaces/include/action_interfaces/action_interfaces/action/detail/fleet_management__rosidl_typesupport_fastrtps_c.h
-- Up-to-date: /home/zheka/ROS2-Fleet-Management/ros2_ws/install/action_interfaces/include/action_interfaces/action_interfaces/msg
-- Up-to-date: /home/zheka/ROS2-Fleet-Management/ros2_ws/install/action_interfaces/include/action_interfaces/action_interfaces/msg/rosidl_typesupport_fastrtps_c__visibility_control.h
-- Installing: /home/zheka/ROS2-Fleet-Management/ros2_ws/install/action_interfaces/lib/libaction_interfaces__rosidl_typesupport_fastrtps_c.so
-- Set runtime path of "/home/zheka/ROS2-Fleet-Management/ros2_ws/install/action_interfaces/lib/libaction_interfaces__rosidl_typesupport_fastrtps_c.so" to ""
-- Up-to-date: /home/zheka/ROS2-Fleet-Management/ros2_ws/install/action_interfaces/include/action_interfaces/action_interfaces
-- Up-to-date: /home/zheka/ROS2-Fleet-Management/ros2_ws/install/action_interfaces/include/action_interfaces/action_interfaces/action
-- Up-to-date: /home/zheka/ROS2-Fleet-Management/ros2_ws/install/action_interfaces/include/action_interfaces/action_interfaces/action/detail
-- Installing: /home/zheka/ROS2-Fleet-Management/ros2_ws/install/action_interfaces/include/action_interfaces/action_interfaces/action/detail/fleet_management__type_support.c
-- Installing: /home/zheka/ROS2-Fleet-Management/ros2_ws/install/action_interfaces/include/action_interfaces/action_interfaces/action/detail/fleet_management__rosidl_typesupport_introspection_c.h
-- Up-to-date: /home/zheka/ROS2-Fleet-Management/ros2_ws/install/action_interfaces/include/action_interfaces/action_interfaces/msg
-- Up-to-date: /home/zheka/ROS2-Fleet-Management/ros2_ws/install/action_interfaces/include/action_interfaces/action_interfaces/msg/rosidl_typesupport_introspection_c__visibility_control.h
-- Installing: /home/zheka/ROS2-Fleet-Management/ros2_ws/install/action_interfaces/lib/libaction_interfaces__rosidl_typesupport_introspection_c.so
-- Set runtime path of "/home/zheka/ROS2-Fleet-Management/ros2_ws/install/action_interfaces/lib/libaction_interfaces__rosidl_typesupport_introspection_c.so" to ""
-- Installing: /home/zheka/ROS2-Fleet-Management/ros2_ws/install/action_interfaces/lib/libaction_interfaces__rosidl_typesupport_c.so
-- Set runtime path of "/home/zheka/ROS2-Fleet-Management/ros2_ws/install/action_interfaces/lib/libaction_interfaces__rosidl_typesupport_c.so" to ""
-- Up-to-date: /home/zheka/ROS2-Fleet-Management/ros2_ws/install/action_interfaces/include/action_interfaces/action_interfaces
-- Up-to-date: /home/zheka/ROS2-Fleet-Management/ros2_ws/install/action_interfaces/include/action_interfaces/action_interfaces/action
-- Installing: /home/zheka/ROS2-Fleet-Management/ros2_ws/install/action_interfaces/include/action_interfaces/action_interfaces/action/fleet_management.hpp
-- Up-to-date: /home/zheka/ROS2-Fleet-Management/ros2_ws/install/action_interfaces/include/action_interfaces/action_interfaces/action/detail
-- Installing: /home/zheka/ROS2-Fleet-Management/ros2_ws/install/action_interfaces/include/action_interfaces/action_interfaces/action/detail/fleet_management__traits.hpp
-- Installing: /home/zheka/ROS2-Fleet-Management/ros2_ws/install/action_interfaces/include/action_interfaces/action_interfaces/action/detail/fleet_management__builder.hpp
-- Installing: /home/zheka/ROS2-Fleet-Management/ros2_ws/install/action_interfaces/include/action_interfaces/action_interfaces/action/detail/fleet_management__struct.hpp
-- Up-to-date: /home/zheka/ROS2-Fleet-Management/ros2_ws/install/action_interfaces/include/action_interfaces/action_interfaces
-- Up-to-date: /home/zheka/ROS2-Fleet-Management/ros2_ws/install/action_interfaces/include/action_interfaces/action_interfaces/action
-- Up-to-date: /home/zheka/ROS2-Fleet-Management/ros2_ws/install/action_interfaces/include/action_interfaces/action_interfaces/action/detail
-- Up-to-date: /home/zheka/ROS2-Fleet-Management/ros2_ws/install/action_interfaces/include/action_interfaces/action_interfaces/action/detail/dds_fastrtps
-- Installing: /home/zheka/ROS2-Fleet-Management/ros2_ws/install/action_interfaces/include/action_interfaces/action_interfaces/action/detail/fleet_management__rosidl_typesupport_fastrtps_cpp.hpp
-- Up-to-date: /home/zheka/ROS2-Fleet-Management/ros2_ws/install/action_interfaces/include/action_interfaces/action_interfaces/msg
-- Up-to-date: /home/zheka/ROS2-Fleet-Management/ros2_ws/install/action_interfaces/include/action_interfaces/action_interfaces/msg/rosidl_typesupport_fastrtps_cpp__visibility_control.h
-- Installing: /home/zheka/ROS2-Fleet-Management/ros2_ws/install/action_interfaces/lib/libaction_interfaces__rosidl_typesupport_fastrtps_cpp.so
-- Set runtime path of "/home/zheka/ROS2-Fleet-Management/ros2_ws/install/action_interfaces/lib/libaction_interfaces__rosidl_typesupport_fastrtps_cpp.so" to ""
-- Up-to-date: /home/zheka/ROS2-Fleet-Management/ros2_ws/install/action_interfaces/include/action_interfaces/action_interfaces
-- Up-to-date: /home/zheka/ROS2-Fleet-Management/ros2_ws/install/action_interfaces/include/action_interfaces/action_interfaces/action
-- Up-to-date: /home/zheka/ROS2-Fleet-Management/ros2_ws/install/action_interfaces/include/action_interfaces/action_interfaces/action/detail
-- Installing: /home/zheka/ROS2-Fleet-Management/ros2_ws/install/action_interfaces/include/action_interfaces/action_interfaces/action/detail/fleet_management__type_support.cpp
-- Installing: /home/zheka/ROS2-Fleet-Management/ros2_ws/install/action_interfaces/include/action_interfaces/action_interfaces/action/detail/fleet_management__rosidl_typesupport_introspection_cpp.hpp
-- Installing: /home/zheka/ROS2-Fleet-Management/ros2_ws/install/action_interfaces/lib/libaction_interfaces__rosidl_typesupport_introspection_cpp.so
-- Set runtime path of "/home/zheka/ROS2-Fleet-Management/ros2_ws/install/action_interfaces/lib/libaction_interfaces__rosidl_typesupport_introspection_cpp.so" to ""
-- Installing: /home/zheka/ROS2-Fleet-Management/ros2_ws/install/action_interfaces/lib/libaction_interfaces__rosidl_typesupport_cpp.so
-- Set runtime path of "/home/zheka/ROS2-Fleet-Management/ros2_ws/install/action_interfaces/lib/libaction_interfaces__rosidl_typesupport_cpp.so" to ""
-- Up-to-date: /home/zheka/ROS2-Fleet-Management/ros2_ws/install/action_interfaces/share/action_interfaces/environment/pythonpath.sh
-- Installing: /home/zheka/ROS2-Fleet-Management/ros2_ws/install/action_interfaces/share/action_interfaces/environment/pythonpath.dsv
-- Up-to-date: /home/zheka/ROS2-Fleet-Management/ros2_ws/install/action_interfaces/local/lib/python3.10/dist-packages/action_interfaces-0.0.0-py3.10.egg-info
-- Installing: /home/zheka/ROS2-Fleet-Management/ros2_ws/install/action_interfaces/local/lib/python3.10/dist-packages/action_interfaces-0.0.0-py3.10.egg-info/top_level.txt
-- Installing: /home/zheka/ROS2-Fleet-Management/ros2_ws/install/action_interfaces/local/lib/python3.10/dist-packages/action_interfaces-0.0.0-py3.10.egg-info/PKG-INFO
-- Installing: /home/zheka/ROS2-Fleet-Management/ros2_ws/install/action_interfaces/local/lib/python3.10/dist-packages/action_interfaces-0.0.0-py3.10.egg-info/SOURCES.txt
-- Installing: /home/zheka/ROS2-Fleet-Management/ros2_ws/install/action_interfaces/local/lib/python3.10/dist-packages/action_interfaces-0.0.0-py3.10.egg-info/dependency_links.txt
-- Up-to-date: /home/zheka/ROS2-Fleet-Management/ros2_ws/install/action_interfaces/local/lib/python3.10/dist-packages/action_interfaces
-- Installing: /home/zheka/ROS2-Fleet-Management/ros2_ws/install/action_interfaces/local/lib/python3.10/dist-packages/action_interfaces/__init__.py
-- Up-to-date: /home/zheka/ROS2-Fleet-Management/ros2_ws/install/action_interfaces/local/lib/python3.10/dist-packages/action_interfaces/action
-- Installing: /home/zheka/ROS2-Fleet-Management/ros2_ws/install/action_interfaces/local/lib/python3.10/dist-packages/action_interfaces/action/__init__.py
-- Installing: /home/zheka/ROS2-Fleet-Management/ros2_ws/install/action_interfaces/local/lib/python3.10/dist-packages/action_interfaces/action/_fleet_management_s.c
-- Installing: /home/zheka/ROS2-Fleet-Management/ros2_ws/install/action_interfaces/local/lib/python3.10/dist-packages/action_interfaces/action/_fleet_management.py
-- Installing: /home/zheka/ROS2-Fleet-Management/ros2_ws/install/action_interfaces/local/lib/python3.10/dist-packages/action_interfaces/_action_interfaces_s.ep.rosidl_typesupport_introspection_c.c
-- Installing: /home/zheka/ROS2-Fleet-Management/ros2_ws/install/action_interfaces/local/lib/python3.10/dist-packages/action_interfaces/libaction_interfaces__rosidl_generator_py.so
-- Installing: /home/zheka/ROS2-Fleet-Management/ros2_ws/install/action_interfaces/local/lib/python3.10/dist-packages/action_interfaces/action_interfaces_s__rosidl_typesupport_introspection_c.cpython-310-aarch64-linux-gnu.so
-- Installing: /home/zheka/ROS2-Fleet-Management/ros2_ws/install/action_interfaces/local/lib/python3.10/dist-packages/action_interfaces/_action_interfaces_s.ep.rosidl_typesupport_fastrtps_c.c
-- Installing: /home/zheka/ROS2-Fleet-Management/ros2_ws/install/action_interfaces/local/lib/python3.10/dist-packages/action_interfaces/_action_interfaces_s.ep.rosidl_typesupport_c.c
-- Installing: /home/zheka/ROS2-Fleet-Management/ros2_ws/install/action_interfaces/local/lib/python3.10/dist-packages/action_interfaces/action_interfaces_s__rosidl_typesupport_c.cpython-310-aarch64-linux-gnu.so
-- Installing: /home/zheka/ROS2-Fleet-Management/ros2_ws/install/action_interfaces/local/lib/python3.10/dist-packages/action_interfaces/action_interfaces_s__rosidl_typesupport_fastrtps_c.cpython-310-aarch64-linux-gnu.so
Listing '/home/zheka/ROS2-Fleet-Management/ros2_ws/install/action_interfaces/local/lib/python3.10/dist-packages/action_interfaces'...
Compiling '/home/zheka/ROS2-Fleet-Management/ros2_ws/install/action_interfaces/local/lib/python3.10/dist-packages/action_interfaces/__init__.py'...
Listing '/home/zheka/ROS2-Fleet-Management/ros2_ws/install/action_interfaces/local/lib/python3.10/dist-packages/action_interfaces/action'...
Compiling '/home/zheka/ROS2-Fleet-Management/ros2_ws/install/action_interfaces/local/lib/python3.10/dist-packages/action_interfaces/action/__init__.py'...
Compiling '/home/zheka/ROS2-Fleet-Management/ros2_ws/install/action_interfaces/local/lib/python3.10/dist-packages/action_interfaces/action/_fleet_management.py'...
-- Installing: /home/zheka/ROS2-Fleet-Management/ros2_ws/install/action_interfaces/local/lib/python3.10/dist-packages/action_interfaces/action_interfaces_s__rosidl_typesupport_fastrtps_c.cpython-310-aarch64-linux-gnu.so
-- Set runtime path of "/home/zheka/ROS2-Fleet-Management/ros2_ws/install/action_interfaces/local/lib/python3.10/dist-packages/action_interfaces/action_interfaces_s__rosidl_typesupport_fastrtps_c.cpython-310-aarch64-linux-gnu.so" to ""
-- Installing: /home/zheka/ROS2-Fleet-Management/ros2_ws/install/action_interfaces/local/lib/python3.10/dist-packages/action_interfaces/action_interfaces_s__rosidl_typesupport_introspection_c.cpython-310-aarch64-linux-gnu.so
-- Set runtime path of "/home/zheka/ROS2-Fleet-Management/ros2_ws/install/action_interfaces/local/lib/python3.10/dist-packages/action_interfaces/action_interfaces_s__rosidl_typesupport_introspection_c.cpython-310-aarch64-linux-gnu.so" to ""
-- Installing: /home/zheka/ROS2-Fleet-Management/ros2_ws/install/action_interfaces/local/lib/python3.10/dist-packages/action_interfaces/action_interfaces_s__rosidl_typesupport_c.cpython-310-aarch64-linux-gnu.so
-- Set runtime path of "/home/zheka/ROS2-Fleet-Management/ros2_ws/install/action_interfaces/local/lib/python3.10/dist-packages/action_interfaces/action_interfaces_s__rosidl_typesupport_c.cpython-310-aarch64-linux-gnu.so" to ""
-- Installing: /home/zheka/ROS2-Fleet-Management/ros2_ws/install/action_interfaces/lib/libaction_interfaces__rosidl_generator_py.so
-- Set runtime path of "/home/zheka/ROS2-Fleet-Management/ros2_ws/install/action_interfaces/lib/libaction_interfaces__rosidl_generator_py.so" to ""
-- Installing: /home/zheka/ROS2-Fleet-Management/ros2_ws/install/action_interfaces/share/action_interfaces/action/FleetManagement.idl
-- Installing: /home/zheka/ROS2-Fleet-Management/ros2_ws/install/action_interfaces/share/action_interfaces/action/FleetManagement.action
-- Up-to-date: /home/zheka/ROS2-Fleet-Management/ros2_ws/install/action_interfaces/share/ament_index/resource_index/package_run_dependencies/action_interfaces
-- Installing: /home/zheka/ROS2-Fleet-Management/ros2_ws/install/action_interfaces/share/ament_index/resource_index/parent_prefix_path/action_interfaces
-- Up-to-date: /home/zheka/ROS2-Fleet-Management/ros2_ws/install/action_interfaces/share/action_interfaces/environment/ament_prefix_path.sh
-- Installing: /home/zheka/ROS2-Fleet-Management/ros2_ws/install/action_interfaces/share/action_interfaces/environment/ament_prefix_path.dsv
-- Up-to-date: /home/zheka/ROS2-Fleet-Management/ros2_ws/install/action_interfaces/share/action_interfaces/environment/path.sh
-- Installing: /home/zheka/ROS2-Fleet-Management/ros2_ws/install/action_interfaces/share/action_interfaces/environment/path.dsv
-- Up-to-date: /home/zheka/ROS2-Fleet-Management/ros2_ws/install/action_interfaces/share/action_interfaces/local_setup.bash
-- Up-to-date: /home/zheka/ROS2-Fleet-Management/ros2_ws/install/action_interfaces/share/action_interfaces/local_setup.sh
-- Up-to-date: /home/zheka/ROS2-Fleet-Management/ros2_ws/install/action_interfaces/share/action_interfaces/local_setup.zsh
-- Installing: /home/zheka/ROS2-Fleet-Management/ros2_ws/install/action_interfaces/share/action_interfaces/local_setup.dsv
-- Installing: /home/zheka/ROS2-Fleet-Management/ros2_ws/install/action_interfaces/share/action_interfaces/package.dsv
-- Up-to-date: /home/zheka/ROS2-Fleet-Management/ros2_ws/install/action_interfaces/share/ament_index/resource_index/packages/action_interfaces
-- Up-to-date: /home/zheka/ROS2-Fleet-Management/ros2_ws/install/action_interfaces/share/action_interfaces/cmake/export_action_interfaces__rosidl_generator_cExport.cmake
-- Up-to-date: /home/zheka/ROS2-Fleet-Management/ros2_ws/install/action_interfaces/share/action_interfaces/cmake/export_action_interfaces__rosidl_generator_cExport-noconfig.cmake
-- Up-to-date: /home/zheka/ROS2-Fleet-Management/ros2_ws/install/action_interfaces/share/action_interfaces/cmake/export_action_interfaces__rosidl_typesupport_fastrtps_cExport.cmake
-- Up-to-date: /home/zheka/ROS2-Fleet-Management/ros2_ws/install/action_interfaces/share/action_interfaces/cmake/export_action_interfaces__rosidl_typesupport_fastrtps_cExport-noconfig.cmake
-- Up-to-date: /home/zheka/ROS2-Fleet-Management/ros2_ws/install/action_interfaces/share/action_interfaces/cmake/action_interfaces__rosidl_typesupport_introspection_cExport.cmake
-- Up-to-date: /home/zheka/ROS2-Fleet-Management/ros2_ws/install/action_interfaces/share/action_interfaces/cmake/action_interfaces__rosidl_typesupport_introspection_cExport-noconfig.cmake
-- Up-to-date: /home/zheka/ROS2-Fleet-Management/ros2_ws/install/action_interfaces/share/action_interfaces/cmake/action_interfaces__rosidl_typesupport_cExport.cmake
-- Up-to-date: /home/zheka/ROS2-Fleet-Management/ros2_ws/install/action_interfaces/share/action_interfaces/cmake/action_interfaces__rosidl_typesupport_cExport-noconfig.cmake
-- Up-to-date: /home/zheka/ROS2-Fleet-Management/ros2_ws/install/action_interfaces/share/action_interfaces/cmake/export_action_interfaces__rosidl_generator_cppExport.cmake
-- Up-to-date: /home/zheka/ROS2-Fleet-Management/ros2_ws/install/action_interfaces/share/action_interfaces/cmake/export_action_interfaces__rosidl_typesupport_fastrtps_cppExport.cmake
-- Up-to-date: /home/zheka/ROS2-Fleet-Management/ros2_ws/install/action_interfaces/share/action_interfaces/cmake/export_action_interfaces__rosidl_typesupport_fastrtps_cppExport-noconfig.cmake
-- Up-to-date: /home/zheka/ROS2-Fleet-Management/ros2_ws/install/action_interfaces/share/action_interfaces/cmake/action_interfaces__rosidl_typesupport_introspection_cppExport.cmake
-- Up-to-date: /home/zheka/ROS2-Fleet-Management/ros2_ws/install/action_interfaces/share/action_interfaces/cmake/action_interfaces__rosidl_typesupport_introspection_cppExport-noconfig.cmake
-- Up-to-date: /home/zheka/ROS2-Fleet-Management/ros2_ws/install/action_interfaces/share/action_interfaces/cmake/action_interfaces__rosidl_typesupport_cppExport.cmake
-- Up-to-date: /home/zheka/ROS2-Fleet-Management/ros2_ws/install/action_interfaces/share/action_interfaces/cmake/action_interfaces__rosidl_typesupport_cppExport-noconfig.cmake
-- Up-to-date: /home/zheka/ROS2-Fleet-Management/ros2_ws/install/action_interfaces/share/action_interfaces/cmake/export_action_interfaces__rosidl_generator_pyExport.cmake
-- Up-to-date: /home/zheka/ROS2-Fleet-Management/ros2_ws/install/action_interfaces/share/action_interfaces/cmake/export_action_interfaces__rosidl_generator_pyExport-noconfig.cmake
-- Up-to-date: /home/zheka/ROS2-Fleet-Management/ros2_ws/install/action_interfaces/share/action_interfaces/cmake/rosidl_cmake-extras.cmake
-- Up-to-date: /home/zheka/ROS2-Fleet-Management/ros2_ws/install/action_interfaces/share/action_interfaces/cmake/ament_cmake_export_dependencies-extras.cmake
-- Up-to-date: /home/zheka/ROS2-Fleet-Management/ros2_ws/install/action_interfaces/share/action_interfaces/cmake/ament_cmake_export_include_directories-extras.cmake
-- Up-to-date: /home/zheka/ROS2-Fleet-Management/ros2_ws/install/action_interfaces/share/action_interfaces/cmake/ament_cmake_export_libraries-extras.cmake
-- Up-to-date: /home/zheka/ROS2-Fleet-Management/ros2_ws/install/action_interfaces/share/action_interfaces/cmake/ament_cmake_export_targets-extras.cmake
-- Up-to-date: /home/zheka/ROS2-Fleet-Management/ros2_ws/install/action_interfaces/share/action_interfaces/cmake/rosidl_cmake_export_typesupport_targets-extras.cmake
-- Up-to-date: /home/zheka/ROS2-Fleet-Management/ros2_ws/install/action_interfaces/share/action_interfaces/cmake/rosidl_cmake_export_typesupport_libraries-extras.cmake
-- Up-to-date: /home/zheka/ROS2-Fleet-Management/ros2_ws/install/action_interfaces/share/action_interfaces/cmake/action_interfacesConfig.cmake
-- Up-to-date: /home/zheka/ROS2-Fleet-Management/ros2_ws/install/action_interfaces/share/action_interfaces/cmake/action_interfacesConfig-version.cmake
-- Up-to-date: /home/zheka/ROS2-Fleet-Management/ros2_ws/install/action_interfaces/share/action_interfaces/package.xml
