[0.032s] Invoking command in '/home/zheka/ROS2-Fleet-Management/ros2_ws/build/action_interfaces': CMAKE_PREFIX_PATH=${CMAKE_PREFIX_PATH}:/opt/ros/humble /usr/bin/cmake --build /home/zheka/ROS2-Fleet-Management/ros2_ws/build/action_interfaces -- -j2 -l2
[0.071s] -- Found ament_cmake: 1.3.5 (/opt/ros/humble/share/ament_cmake/cmake)
[0.159s] -- Found ament_lint_auto: 0.12.8 (/opt/ros/humble/share/ament_lint_auto/cmake)
[0.194s] -- Found rosidl_default_generators: 1.2.0 (/opt/ros/humble/share/rosidl_default_generators/cmake)
[0.195s] -- Using all available rosidl_typesupport_c: rosidl_typesupport_fastrtps_c;rosidl_typesupport_introspection_c
[0.196s] -- Found rosidl_adapter: 3.1.5 (/opt/ros/humble/share/rosidl_adapter/cmake)
[0.218s] -- Using all available rosidl_typesupport_cpp: rosidl_typesupport_fastrtps_cpp;rosidl_typesupport_introspection_cpp
[0.403s] -- Found ament_cmake_ros: 0.10.0 (/opt/ros/humble/share/ament_cmake_ros/cmake)
[0.511s] -- Using all available rosidl_typesupport_c: rosidl_typesupport_fastrtps_c;rosidl_typesupport_introspection_c
[0.660s] -- Using all available rosidl_typesupport_cpp: rosidl_typesupport_fastrtps_cpp;rosidl_typesupport_introspection_cpp
[0.672s] -- Found python_cmake_module: 0.10.0 (/opt/ros/humble/share/python_cmake_module/cmake)
[0.685s] -- Using PYTHON_EXECUTABLE: /usr/bin/python3
[0.685s] -- Using PYTHON_INCLUDE_DIRS: /usr/include/python3.10
[0.685s] -- Using PYTHON_LIBRARIES: /usr/lib/aarch64-linux-gnu/libpython3.10.so
[0.699s] -- Added test 'lint_cmake' to check CMake code style
[0.700s] -- Added test 'xmllint' to check XML markup files
[0.702s] -- Configuring done
[0.724s] -- Generating done
[0.732s] -- Build files have been written to: /home/zheka/ROS2-Fleet-Management/ros2_ws/build/action_interfaces
[0.748s] [  3%] [34m[1mGenerating C code for ROS interfaces[0m
[0.757s] [  6%] [34m[1mGenerating C++ code for ROS interfaces[0m
[1.044s] [35m[1mConsolidate compiler generated dependencies of target action_interfaces__rosidl_generator_c[0m
[1.050s] [  6%] Built target action_interfaces__cpp
[1.053s] [  9%] [32mBuilding C object CMakeFiles/action_interfaces__rosidl_generator_c.dir/rosidl_generator_c/action_interfaces/action/detail/fleet_management__functions.c.o[0m
[1.076s] [  9%] Built target ament_cmake_python_copy_action_interfaces
[1.084s] [ 12%] [34m[1mGenerating C++ type support dispatch for ROS interfaces[0m
[1.155s] [ 16%] [32m[1mLinking C shared library libaction_interfaces__rosidl_generator_c.so[0m
[1.182s] [ 16%] Built target action_interfaces__rosidl_generator_c
[1.191s] [ 19%] [34m[1mGenerating C++ type support for eProsima Fast-RTPS[0m
[1.273s] [35m[1mConsolidate compiler generated dependencies of target action_interfaces__rosidl_typesupport_cpp[0m
[1.283s] [ 22%] [32mBuilding CXX object CMakeFiles/action_interfaces__rosidl_typesupport_cpp.dir/rosidl_typesupport_cpp/action_interfaces/action/fleet_management__type_support.cpp.o[0m
[1.466s] [35m[1mConsolidate compiler generated dependencies of target action_interfaces__rosidl_typesupport_fastrtps_cpp[0m
[1.477s] [ 25%] [32mBuilding CXX object CMakeFiles/action_interfaces__rosidl_typesupport_fastrtps_cpp.dir/rosidl_typesupport_fastrtps_cpp/action_interfaces/action/detail/dds_fastrtps/fleet_management__type_support.cpp.o[0m
[1.553s] [ 29%] [32m[1mLinking CXX shared library libaction_interfaces__rosidl_typesupport_cpp.so[0m
[1.583s] [ 29%] Built target action_interfaces__rosidl_typesupport_cpp
[1.592s] [ 32%] [34m[1mGenerating C++ introspection for ROS interfaces[0m
[1.810s] [35m[1mConsolidate compiler generated dependencies of target action_interfaces__rosidl_typesupport_introspection_cpp[0m
[1.819s] [ 35%] [32m[1mLinking CXX shared library libaction_interfaces__rosidl_typesupport_fastrtps_cpp.so[0m
[1.821s] [ 38%] [32mBuilding CXX object CMakeFiles/action_interfaces__rosidl_typesupport_introspection_cpp.dir/rosidl_typesupport_introspection_cpp/action_interfaces/action/detail/fleet_management__type_support.cpp.o[0m
[1.872s] [ 38%] Built target action_interfaces__rosidl_typesupport_fastrtps_cpp
[2.005s] running egg_info
[2.005s] writing action_interfaces.egg-info/PKG-INFO
[2.005s] writing dependency_links to action_interfaces.egg-info/dependency_links.txt
[2.006s] writing top-level names to action_interfaces.egg-info/top_level.txt
[2.007s] reading manifest file 'action_interfaces.egg-info/SOURCES.txt'
[2.007s] writing manifest file 'action_interfaces.egg-info/SOURCES.txt'
[2.024s] [ 38%] Built target ament_cmake_python_build_action_interfaces_egg
[2.035s] [ 41%] [34m[1mGenerating C type support for eProsima Fast-RTPS[0m
[2.173s] [ 45%] [32m[1mLinking CXX shared library libaction_interfaces__rosidl_typesupport_introspection_cpp.so[0m
[2.218s] [ 45%] Built target action_interfaces__rosidl_typesupport_introspection_cpp
[2.226s] [ 48%] [34m[1mGenerating C introspection for ROS interfaces[0m
[2.274s] [35m[1mConsolidate compiler generated dependencies of target action_interfaces__rosidl_typesupport_fastrtps_c[0m
[2.284s] [ 51%] [32mBuilding CXX object CMakeFiles/action_interfaces__rosidl_typesupport_fastrtps_c.dir/rosidl_typesupport_fastrtps_c/action_interfaces/action/detail/fleet_management__type_support_c.cpp.o[0m
[2.477s] [35m[1mConsolidate compiler generated dependencies of target action_interfaces__rosidl_typesupport_introspection_c[0m
[2.486s] [ 54%] [32mBuilding C object CMakeFiles/action_interfaces__rosidl_typesupport_introspection_c.dir/rosidl_typesupport_introspection_c/action_interfaces/action/detail/fleet_management__type_support.c.o[0m
[2.492s] [ 58%] [32m[1mLinking CXX shared library libaction_interfaces__rosidl_typesupport_fastrtps_c.so[0m
[2.524s] [ 61%] [32m[1mLinking C shared library libaction_interfaces__rosidl_typesupport_introspection_c.so[0m
[2.536s] [ 61%] Built target action_interfaces__rosidl_typesupport_fastrtps_c
[2.545s] [ 64%] [34m[1mGenerating C type support dispatch for ROS interfaces[0m
[2.554s] [ 64%] Built target action_interfaces__rosidl_typesupport_introspection_c
[2.715s] [35m[1mConsolidate compiler generated dependencies of target action_interfaces__rosidl_typesupport_c[0m
[2.724s] [ 67%] [32mBuilding CXX object CMakeFiles/action_interfaces__rosidl_typesupport_c.dir/rosidl_typesupport_c/action_interfaces/action/fleet_management__type_support.cpp.o[0m
[2.760s] [ 70%] [32m[1mLinking CXX shared library libaction_interfaces__rosidl_typesupport_c.so[0m
[2.788s] [ 70%] Built target action_interfaces__rosidl_typesupport_c
[2.803s] [ 70%] Built target action_interfaces
[2.819s] [ 74%] [34m[1mGenerating Python code for ROS interfaces[0m
[3.276s] [ 74%] Built target action_interfaces__py
[3.284s] [35m[1mConsolidate compiler generated dependencies of target action_interfaces__rosidl_generator_py[0m
[3.293s] [ 77%] [32mBuilding C object CMakeFiles/action_interfaces__rosidl_generator_py.dir/rosidl_generator_py/action_interfaces/action/_fleet_management_s.c.o[0m
[3.392s] [ 80%] [32m[1mLinking C shared library rosidl_generator_py/action_interfaces/libaction_interfaces__rosidl_generator_py.so[0m
[3.420s] [ 80%] Built target action_interfaces__rosidl_generator_py
[3.428s] [35m[1mConsolidate compiler generated dependencies of target action_interfaces__rosidl_typesupport_fastrtps_c__pyext[0m
[3.429s] [35m[1mConsolidate compiler generated dependencies of target action_interfaces__rosidl_typesupport_introspection_c__pyext[0m
[3.439s] [ 83%] [32mBuilding C object CMakeFiles/action_interfaces__rosidl_typesupport_fastrtps_c__pyext.dir/rosidl_generator_py/action_interfaces/_action_interfaces_s.ep.rosidl_typesupport_fastrtps_c.c.o[0m
[3.439s] [ 87%] [32mBuilding C object CMakeFiles/action_interfaces__rosidl_typesupport_introspection_c__pyext.dir/rosidl_generator_py/action_interfaces/_action_interfaces_s.ep.rosidl_typesupport_introspection_c.c.o[0m
[3.512s] [ 90%] [32m[1mLinking C shared library rosidl_generator_py/action_interfaces/action_interfaces_s__rosidl_typesupport_introspection_c.cpython-310-aarch64-linux-gnu.so[0m
[3.517s] [ 93%] [32m[1mLinking C shared library rosidl_generator_py/action_interfaces/action_interfaces_s__rosidl_typesupport_fastrtps_c.cpython-310-aarch64-linux-gnu.so[0m
[3.539s] [ 93%] Built target action_interfaces__rosidl_typesupport_introspection_c__pyext
[3.546s] [ 93%] Built target action_interfaces__rosidl_typesupport_fastrtps_c__pyext
[3.548s] [35m[1mConsolidate compiler generated dependencies of target action_interfaces__rosidl_typesupport_c__pyext[0m
[3.562s] [ 96%] [32mBuilding C object CMakeFiles/action_interfaces__rosidl_typesupport_c__pyext.dir/rosidl_generator_py/action_interfaces/_action_interfaces_s.ep.rosidl_typesupport_c.c.o[0m
[3.633s] [100%] [32m[1mLinking C shared library rosidl_generator_py/action_interfaces/action_interfaces_s__rosidl_typesupport_c.cpython-310-aarch64-linux-gnu.so[0m
[3.662s] [100%] Built target action_interfaces__rosidl_typesupport_c__pyext
[3.671s] Invoked command in '/home/zheka/ROS2-Fleet-Management/ros2_ws/build/action_interfaces' returned '0': CMAKE_PREFIX_PATH=${CMAKE_PREFIX_PATH}:/opt/ros/humble /usr/bin/cmake --build /home/zheka/ROS2-Fleet-Management/ros2_ws/build/action_interfaces -- -j2 -l2
[3.722s] Invoking command in '/home/zheka/ROS2-Fleet-Management/ros2_ws/build/action_interfaces': CMAKE_PREFIX_PATH=${CMAKE_PREFIX_PATH}:/opt/ros/humble /usr/bin/cmake --install /home/zheka/ROS2-Fleet-Management/ros2_ws/build/action_interfaces
[3.729s] -- Install configuration: ""
[3.729s] -- Up-to-date: /home/zheka/ROS2-Fleet-Management/ros2_ws/install/action_interfaces/share/ament_index/resource_index/rosidl_interfaces/action_interfaces
[3.729s] -- Up-to-date: /home/zheka/ROS2-Fleet-Management/ros2_ws/install/action_interfaces/include/action_interfaces/action_interfaces
[3.729s] -- Up-to-date: /home/zheka/ROS2-Fleet-Management/ros2_ws/install/action_interfaces/include/action_interfaces/action_interfaces/action
[3.729s] -- Up-to-date: /home/zheka/ROS2-Fleet-Management/ros2_ws/install/action_interfaces/include/action_interfaces/action_interfaces/action/detail
[3.729s] -- Installing: /home/zheka/ROS2-Fleet-Management/ros2_ws/install/action_interfaces/include/action_interfaces/action_interfaces/action/detail/fleet_management__functions.h
[3.729s] -- Installing: /home/zheka/ROS2-Fleet-Management/ros2_ws/install/action_interfaces/include/action_interfaces/action_interfaces/action/detail/fleet_management__type_support.h
[3.729s] -- Installing: /home/zheka/ROS2-Fleet-Management/ros2_ws/install/action_interfaces/include/action_interfaces/action_interfaces/action/detail/fleet_management__functions.c
[3.730s] -- Installing: /home/zheka/ROS2-Fleet-Management/ros2_ws/install/action_interfaces/include/action_interfaces/action_interfaces/action/detail/fleet_management__struct.h
[3.730s] -- Installing: /home/zheka/ROS2-Fleet-Management/ros2_ws/install/action_interfaces/include/action_interfaces/action_interfaces/action/fleet_management.h
[3.730s] -- Up-to-date: /home/zheka/ROS2-Fleet-Management/ros2_ws/install/action_interfaces/include/action_interfaces/action_interfaces/msg
[3.730s] -- Up-to-date: /home/zheka/ROS2-Fleet-Management/ros2_ws/install/action_interfaces/include/action_interfaces/action_interfaces/msg/rosidl_generator_c__visibility_control.h
[3.730s] -- Up-to-date: /home/zheka/ROS2-Fleet-Management/ros2_ws/install/action_interfaces/share/action_interfaces/environment/library_path.sh
[3.730s] -- Installing: /home/zheka/ROS2-Fleet-Management/ros2_ws/install/action_interfaces/share/action_interfaces/environment/library_path.dsv
[3.730s] -- Installing: /home/zheka/ROS2-Fleet-Management/ros2_ws/install/action_interfaces/lib/libaction_interfaces__rosidl_generator_c.so
[3.730s] -- Set runtime path of "/home/zheka/ROS2-Fleet-Management/ros2_ws/install/action_interfaces/lib/libaction_interfaces__rosidl_generator_c.so" to ""
[3.730s] -- Up-to-date: /home/zheka/ROS2-Fleet-Management/ros2_ws/install/action_interfaces/include/action_interfaces/action_interfaces
[3.730s] -- Up-to-date: /home/zheka/ROS2-Fleet-Management/ros2_ws/install/action_interfaces/include/action_interfaces/action_interfaces/action
[3.731s] -- Up-to-date: /home/zheka/ROS2-Fleet-Management/ros2_ws/install/action_interfaces/include/action_interfaces/action_interfaces/action/detail
[3.731s] -- Installing: /home/zheka/ROS2-Fleet-Management/ros2_ws/install/action_interfaces/include/action_interfaces/action_interfaces/action/detail/fleet_management__rosidl_typesupport_fastrtps_c.h
[3.731s] -- Up-to-date: /home/zheka/ROS2-Fleet-Management/ros2_ws/install/action_interfaces/include/action_interfaces/action_interfaces/msg
[3.731s] -- Up-to-date: /home/zheka/ROS2-Fleet-Management/ros2_ws/install/action_interfaces/include/action_interfaces/action_interfaces/msg/rosidl_typesupport_fastrtps_c__visibility_control.h
[3.732s] -- Installing: /home/zheka/ROS2-Fleet-Management/ros2_ws/install/action_interfaces/lib/libaction_interfaces__rosidl_typesupport_fastrtps_c.so
[3.732s] -- Set runtime path of "/home/zheka/ROS2-Fleet-Management/ros2_ws/install/action_interfaces/lib/libaction_interfaces__rosidl_typesupport_fastrtps_c.so" to ""
[3.732s] -- Up-to-date: /home/zheka/ROS2-Fleet-Management/ros2_ws/install/action_interfaces/include/action_interfaces/action_interfaces
[3.732s] -- Up-to-date: /home/zheka/ROS2-Fleet-Management/ros2_ws/install/action_interfaces/include/action_interfaces/action_interfaces/action
[3.732s] -- Up-to-date: /home/zheka/ROS2-Fleet-Management/ros2_ws/install/action_interfaces/include/action_interfaces/action_interfaces/action/detail
[3.732s] -- Installing: /home/zheka/ROS2-Fleet-Management/ros2_ws/install/action_interfaces/include/action_interfaces/action_interfaces/action/detail/fleet_management__type_support.c
[3.732s] -- Installing: /home/zheka/ROS2-Fleet-Management/ros2_ws/install/action_interfaces/include/action_interfaces/action_interfaces/action/detail/fleet_management__rosidl_typesupport_introspection_c.h
[3.732s] -- Up-to-date: /home/zheka/ROS2-Fleet-Management/ros2_ws/install/action_interfaces/include/action_interfaces/action_interfaces/msg
[3.732s] -- Up-to-date: /home/zheka/ROS2-Fleet-Management/ros2_ws/install/action_interfaces/include/action_interfaces/action_interfaces/msg/rosidl_typesupport_introspection_c__visibility_control.h
[3.732s] -- Installing: /home/zheka/ROS2-Fleet-Management/ros2_ws/install/action_interfaces/lib/libaction_interfaces__rosidl_typesupport_introspection_c.so
[3.732s] -- Set runtime path of "/home/zheka/ROS2-Fleet-Management/ros2_ws/install/action_interfaces/lib/libaction_interfaces__rosidl_typesupport_introspection_c.so" to ""
[3.732s] -- Installing: /home/zheka/ROS2-Fleet-Management/ros2_ws/install/action_interfaces/lib/libaction_interfaces__rosidl_typesupport_c.so
[3.733s] -- Set runtime path of "/home/zheka/ROS2-Fleet-Management/ros2_ws/install/action_interfaces/lib/libaction_interfaces__rosidl_typesupport_c.so" to ""
[3.733s] -- Up-to-date: /home/zheka/ROS2-Fleet-Management/ros2_ws/install/action_interfaces/include/action_interfaces/action_interfaces
[3.733s] -- Up-to-date: /home/zheka/ROS2-Fleet-Management/ros2_ws/install/action_interfaces/include/action_interfaces/action_interfaces/action
[3.733s] -- Installing: /home/zheka/ROS2-Fleet-Management/ros2_ws/install/action_interfaces/include/action_interfaces/action_interfaces/action/fleet_management.hpp
[3.733s] -- Up-to-date: /home/zheka/ROS2-Fleet-Management/ros2_ws/install/action_interfaces/include/action_interfaces/action_interfaces/action/detail
[3.733s] -- Installing: /home/zheka/ROS2-Fleet-Management/ros2_ws/install/action_interfaces/include/action_interfaces/action_interfaces/action/detail/fleet_management__traits.hpp
[3.733s] -- Installing: /home/zheka/ROS2-Fleet-Management/ros2_ws/install/action_interfaces/include/action_interfaces/action_interfaces/action/detail/fleet_management__builder.hpp
[3.733s] -- Installing: /home/zheka/ROS2-Fleet-Management/ros2_ws/install/action_interfaces/include/action_interfaces/action_interfaces/action/detail/fleet_management__struct.hpp
[3.733s] -- Up-to-date: /home/zheka/ROS2-Fleet-Management/ros2_ws/install/action_interfaces/include/action_interfaces/action_interfaces
[3.733s] -- Up-to-date: /home/zheka/ROS2-Fleet-Management/ros2_ws/install/action_interfaces/include/action_interfaces/action_interfaces/action
[3.733s] -- Up-to-date: /home/zheka/ROS2-Fleet-Management/ros2_ws/install/action_interfaces/include/action_interfaces/action_interfaces/action/detail
[3.733s] -- Up-to-date: /home/zheka/ROS2-Fleet-Management/ros2_ws/install/action_interfaces/include/action_interfaces/action_interfaces/action/detail/dds_fastrtps
[3.733s] -- Installing: /home/zheka/ROS2-Fleet-Management/ros2_ws/install/action_interfaces/include/action_interfaces/action_interfaces/action/detail/fleet_management__rosidl_typesupport_fastrtps_cpp.hpp
[3.733s] -- Up-to-date: /home/zheka/ROS2-Fleet-Management/ros2_ws/install/action_interfaces/include/action_interfaces/action_interfaces/msg
[3.733s] -- Up-to-date: /home/zheka/ROS2-Fleet-Management/ros2_ws/install/action_interfaces/include/action_interfaces/action_interfaces/msg/rosidl_typesupport_fastrtps_cpp__visibility_control.h
[3.733s] -- Installing: /home/zheka/ROS2-Fleet-Management/ros2_ws/install/action_interfaces/lib/libaction_interfaces__rosidl_typesupport_fastrtps_cpp.so
[3.734s] -- Set runtime path of "/home/zheka/ROS2-Fleet-Management/ros2_ws/install/action_interfaces/lib/libaction_interfaces__rosidl_typesupport_fastrtps_cpp.so" to ""
[3.734s] -- Up-to-date: /home/zheka/ROS2-Fleet-Management/ros2_ws/install/action_interfaces/include/action_interfaces/action_interfaces
[3.734s] -- Up-to-date: /home/zheka/ROS2-Fleet-Management/ros2_ws/install/action_interfaces/include/action_interfaces/action_interfaces/action
[3.734s] -- Up-to-date: /home/zheka/ROS2-Fleet-Management/ros2_ws/install/action_interfaces/include/action_interfaces/action_interfaces/action/detail
[3.734s] -- Installing: /home/zheka/ROS2-Fleet-Management/ros2_ws/install/action_interfaces/include/action_interfaces/action_interfaces/action/detail/fleet_management__type_support.cpp
[3.734s] -- Installing: /home/zheka/ROS2-Fleet-Management/ros2_ws/install/action_interfaces/include/action_interfaces/action_interfaces/action/detail/fleet_management__rosidl_typesupport_introspection_cpp.hpp
[3.734s] -- Installing: /home/zheka/ROS2-Fleet-Management/ros2_ws/install/action_interfaces/lib/libaction_interfaces__rosidl_typesupport_introspection_cpp.so
[3.734s] -- Set runtime path of "/home/zheka/ROS2-Fleet-Management/ros2_ws/install/action_interfaces/lib/libaction_interfaces__rosidl_typesupport_introspection_cpp.so" to ""
[3.734s] -- Installing: /home/zheka/ROS2-Fleet-Management/ros2_ws/install/action_interfaces/lib/libaction_interfaces__rosidl_typesupport_cpp.so
[3.736s] -- Set runtime path of "/home/zheka/ROS2-Fleet-Management/ros2_ws/install/action_interfaces/lib/libaction_interfaces__rosidl_typesupport_cpp.so" to ""
[3.736s] -- Up-to-date: /home/zheka/ROS2-Fleet-Management/ros2_ws/install/action_interfaces/share/action_interfaces/environment/pythonpath.sh
[3.736s] -- Installing: /home/zheka/ROS2-Fleet-Management/ros2_ws/install/action_interfaces/share/action_interfaces/environment/pythonpath.dsv
[3.736s] -- Up-to-date: /home/zheka/ROS2-Fleet-Management/ros2_ws/install/action_interfaces/local/lib/python3.10/dist-packages/action_interfaces-0.0.0-py3.10.egg-info
[3.736s] -- Installing: /home/zheka/ROS2-Fleet-Management/ros2_ws/install/action_interfaces/local/lib/python3.10/dist-packages/action_interfaces-0.0.0-py3.10.egg-info/top_level.txt
[3.736s] -- Installing: /home/zheka/ROS2-Fleet-Management/ros2_ws/install/action_interfaces/local/lib/python3.10/dist-packages/action_interfaces-0.0.0-py3.10.egg-info/PKG-INFO
[3.736s] -- Installing: /home/zheka/ROS2-Fleet-Management/ros2_ws/install/action_interfaces/local/lib/python3.10/dist-packages/action_interfaces-0.0.0-py3.10.egg-info/SOURCES.txt
[3.736s] -- Installing: /home/zheka/ROS2-Fleet-Management/ros2_ws/install/action_interfaces/local/lib/python3.10/dist-packages/action_interfaces-0.0.0-py3.10.egg-info/dependency_links.txt
[3.736s] -- Up-to-date: /home/zheka/ROS2-Fleet-Management/ros2_ws/install/action_interfaces/local/lib/python3.10/dist-packages/action_interfaces
[3.736s] -- Installing: /home/zheka/ROS2-Fleet-Management/ros2_ws/install/action_interfaces/local/lib/python3.10/dist-packages/action_interfaces/__init__.py
[3.736s] -- Up-to-date: /home/zheka/ROS2-Fleet-Management/ros2_ws/install/action_interfaces/local/lib/python3.10/dist-packages/action_interfaces/action
[3.736s] -- Installing: /home/zheka/ROS2-Fleet-Management/ros2_ws/install/action_interfaces/local/lib/python3.10/dist-packages/action_interfaces/action/__init__.py
[3.736s] -- Installing: /home/zheka/ROS2-Fleet-Management/ros2_ws/install/action_interfaces/local/lib/python3.10/dist-packages/action_interfaces/action/_fleet_management_s.c
[3.736s] -- Installing: /home/zheka/ROS2-Fleet-Management/ros2_ws/install/action_interfaces/local/lib/python3.10/dist-packages/action_interfaces/action/_fleet_management.py
[3.736s] -- Installing: /home/zheka/ROS2-Fleet-Management/ros2_ws/install/action_interfaces/local/lib/python3.10/dist-packages/action_interfaces/_action_interfaces_s.ep.rosidl_typesupport_introspection_c.c
[3.736s] -- Installing: /home/zheka/ROS2-Fleet-Management/ros2_ws/install/action_interfaces/local/lib/python3.10/dist-packages/action_interfaces/libaction_interfaces__rosidl_generator_py.so
[3.736s] -- Installing: /home/zheka/ROS2-Fleet-Management/ros2_ws/install/action_interfaces/local/lib/python3.10/dist-packages/action_interfaces/action_interfaces_s__rosidl_typesupport_introspection_c.cpython-310-aarch64-linux-gnu.so
[3.736s] -- Installing: /home/zheka/ROS2-Fleet-Management/ros2_ws/install/action_interfaces/local/lib/python3.10/dist-packages/action_interfaces/_action_interfaces_s.ep.rosidl_typesupport_fastrtps_c.c
[3.736s] -- Installing: /home/zheka/ROS2-Fleet-Management/ros2_ws/install/action_interfaces/local/lib/python3.10/dist-packages/action_interfaces/_action_interfaces_s.ep.rosidl_typesupport_c.c
[3.736s] -- Installing: /home/zheka/ROS2-Fleet-Management/ros2_ws/install/action_interfaces/local/lib/python3.10/dist-packages/action_interfaces/action_interfaces_s__rosidl_typesupport_c.cpython-310-aarch64-linux-gnu.so
[3.736s] -- Installing: /home/zheka/ROS2-Fleet-Management/ros2_ws/install/action_interfaces/local/lib/python3.10/dist-packages/action_interfaces/action_interfaces_s__rosidl_typesupport_fastrtps_c.cpython-310-aarch64-linux-gnu.so
[3.760s] Listing '/home/zheka/ROS2-Fleet-Management/ros2_ws/install/action_interfaces/local/lib/python3.10/dist-packages/action_interfaces'...
[3.760s] Compiling '/home/zheka/ROS2-Fleet-Management/ros2_ws/install/action_interfaces/local/lib/python3.10/dist-packages/action_interfaces/__init__.py'...
[3.760s] Listing '/home/zheka/ROS2-Fleet-Management/ros2_ws/install/action_interfaces/local/lib/python3.10/dist-packages/action_interfaces/action'...
[3.760s] Compiling '/home/zheka/ROS2-Fleet-Management/ros2_ws/install/action_interfaces/local/lib/python3.10/dist-packages/action_interfaces/action/__init__.py'...
[3.760s] Compiling '/home/zheka/ROS2-Fleet-Management/ros2_ws/install/action_interfaces/local/lib/python3.10/dist-packages/action_interfaces/action/_fleet_management.py'...
[3.763s] -- Installing: /home/zheka/ROS2-Fleet-Management/ros2_ws/install/action_interfaces/local/lib/python3.10/dist-packages/action_interfaces/action_interfaces_s__rosidl_typesupport_fastrtps_c.cpython-310-aarch64-linux-gnu.so
[3.763s] -- Set runtime path of "/home/zheka/ROS2-Fleet-Management/ros2_ws/install/action_interfaces/local/lib/python3.10/dist-packages/action_interfaces/action_interfaces_s__rosidl_typesupport_fastrtps_c.cpython-310-aarch64-linux-gnu.so" to ""
[3.763s] -- Installing: /home/zheka/ROS2-Fleet-Management/ros2_ws/install/action_interfaces/local/lib/python3.10/dist-packages/action_interfaces/action_interfaces_s__rosidl_typesupport_introspection_c.cpython-310-aarch64-linux-gnu.so
[3.764s] -- Set runtime path of "/home/zheka/ROS2-Fleet-Management/ros2_ws/install/action_interfaces/local/lib/python3.10/dist-packages/action_interfaces/action_interfaces_s__rosidl_typesupport_introspection_c.cpython-310-aarch64-linux-gnu.so" to ""
[3.764s] -- Installing: /home/zheka/ROS2-Fleet-Management/ros2_ws/install/action_interfaces/local/lib/python3.10/dist-packages/action_interfaces/action_interfaces_s__rosidl_typesupport_c.cpython-310-aarch64-linux-gnu.so
[3.764s] -- Set runtime path of "/home/zheka/ROS2-Fleet-Management/ros2_ws/install/action_interfaces/local/lib/python3.10/dist-packages/action_interfaces/action_interfaces_s__rosidl_typesupport_c.cpython-310-aarch64-linux-gnu.so" to ""
[3.764s] -- Installing: /home/zheka/ROS2-Fleet-Management/ros2_ws/install/action_interfaces/lib/libaction_interfaces__rosidl_generator_py.so
[3.764s] -- Set runtime path of "/home/zheka/ROS2-Fleet-Management/ros2_ws/install/action_interfaces/lib/libaction_interfaces__rosidl_generator_py.so" to ""
[3.764s] -- Installing: /home/zheka/ROS2-Fleet-Management/ros2_ws/install/action_interfaces/share/action_interfaces/action/FleetManagement.idl
[3.765s] -- Installing: /home/zheka/ROS2-Fleet-Management/ros2_ws/install/action_interfaces/share/action_interfaces/action/FleetManagement.action
[3.765s] -- Up-to-date: /home/zheka/ROS2-Fleet-Management/ros2_ws/install/action_interfaces/share/ament_index/resource_index/package_run_dependencies/action_interfaces
[3.765s] -- Installing: /home/zheka/ROS2-Fleet-Management/ros2_ws/install/action_interfaces/share/ament_index/resource_index/parent_prefix_path/action_interfaces
[3.765s] -- Up-to-date: /home/zheka/ROS2-Fleet-Management/ros2_ws/install/action_interfaces/share/action_interfaces/environment/ament_prefix_path.sh
[3.765s] -- Installing: /home/zheka/ROS2-Fleet-Management/ros2_ws/install/action_interfaces/share/action_interfaces/environment/ament_prefix_path.dsv
[3.765s] -- Up-to-date: /home/zheka/ROS2-Fleet-Management/ros2_ws/install/action_interfaces/share/action_interfaces/environment/path.sh
[3.765s] -- Installing: /home/zheka/ROS2-Fleet-Management/ros2_ws/install/action_interfaces/share/action_interfaces/environment/path.dsv
[3.765s] -- Up-to-date: /home/zheka/ROS2-Fleet-Management/ros2_ws/install/action_interfaces/share/action_interfaces/local_setup.bash
[3.765s] -- Up-to-date: /home/zheka/ROS2-Fleet-Management/ros2_ws/install/action_interfaces/share/action_interfaces/local_setup.sh
[3.765s] -- Up-to-date: /home/zheka/ROS2-Fleet-Management/ros2_ws/install/action_interfaces/share/action_interfaces/local_setup.zsh
[3.765s] -- Installing: /home/zheka/ROS2-Fleet-Management/ros2_ws/install/action_interfaces/share/action_interfaces/local_setup.dsv
[3.765s] -- Installing: /home/zheka/ROS2-Fleet-Management/ros2_ws/install/action_interfaces/share/action_interfaces/package.dsv
[3.765s] -- Up-to-date: /home/zheka/ROS2-Fleet-Management/ros2_ws/install/action_interfaces/share/ament_index/resource_index/packages/action_interfaces
[3.765s] -- Up-to-date: /home/zheka/ROS2-Fleet-Management/ros2_ws/install/action_interfaces/share/action_interfaces/cmake/export_action_interfaces__rosidl_generator_cExport.cmake
[3.765s] -- Up-to-date: /home/zheka/ROS2-Fleet-Management/ros2_ws/install/action_interfaces/share/action_interfaces/cmake/export_action_interfaces__rosidl_generator_cExport-noconfig.cmake
[3.766s] -- Up-to-date: /home/zheka/ROS2-Fleet-Management/ros2_ws/install/action_interfaces/share/action_interfaces/cmake/export_action_interfaces__rosidl_typesupport_fastrtps_cExport.cmake
[3.766s] -- Up-to-date: /home/zheka/ROS2-Fleet-Management/ros2_ws/install/action_interfaces/share/action_interfaces/cmake/export_action_interfaces__rosidl_typesupport_fastrtps_cExport-noconfig.cmake
[3.766s] -- Up-to-date: /home/zheka/ROS2-Fleet-Management/ros2_ws/install/action_interfaces/share/action_interfaces/cmake/action_interfaces__rosidl_typesupport_introspection_cExport.cmake
[3.766s] -- Up-to-date: /home/zheka/ROS2-Fleet-Management/ros2_ws/install/action_interfaces/share/action_interfaces/cmake/action_interfaces__rosidl_typesupport_introspection_cExport-noconfig.cmake
[3.766s] -- Up-to-date: /home/zheka/ROS2-Fleet-Management/ros2_ws/install/action_interfaces/share/action_interfaces/cmake/action_interfaces__rosidl_typesupport_cExport.cmake
[3.766s] -- Up-to-date: /home/zheka/ROS2-Fleet-Management/ros2_ws/install/action_interfaces/share/action_interfaces/cmake/action_interfaces__rosidl_typesupport_cExport-noconfig.cmake
[3.766s] -- Up-to-date: /home/zheka/ROS2-Fleet-Management/ros2_ws/install/action_interfaces/share/action_interfaces/cmake/export_action_interfaces__rosidl_generator_cppExport.cmake
[3.766s] -- Up-to-date: /home/zheka/ROS2-Fleet-Management/ros2_ws/install/action_interfaces/share/action_interfaces/cmake/export_action_interfaces__rosidl_typesupport_fastrtps_cppExport.cmake
[3.766s] -- Up-to-date: /home/zheka/ROS2-Fleet-Management/ros2_ws/install/action_interfaces/share/action_interfaces/cmake/export_action_interfaces__rosidl_typesupport_fastrtps_cppExport-noconfig.cmake
[3.766s] -- Up-to-date: /home/zheka/ROS2-Fleet-Management/ros2_ws/install/action_interfaces/share/action_interfaces/cmake/action_interfaces__rosidl_typesupport_introspection_cppExport.cmake
[3.766s] -- Up-to-date: /home/zheka/ROS2-Fleet-Management/ros2_ws/install/action_interfaces/share/action_interfaces/cmake/action_interfaces__rosidl_typesupport_introspection_cppExport-noconfig.cmake
[3.766s] -- Up-to-date: /home/zheka/ROS2-Fleet-Management/ros2_ws/install/action_interfaces/share/action_interfaces/cmake/action_interfaces__rosidl_typesupport_cppExport.cmake
[3.766s] -- Up-to-date: /home/zheka/ROS2-Fleet-Management/ros2_ws/install/action_interfaces/share/action_interfaces/cmake/action_interfaces__rosidl_typesupport_cppExport-noconfig.cmake
[3.766s] -- Up-to-date: /home/zheka/ROS2-Fleet-Management/ros2_ws/install/action_interfaces/share/action_interfaces/cmake/export_action_interfaces__rosidl_generator_pyExport.cmake
[3.766s] -- Up-to-date: /home/zheka/ROS2-Fleet-Management/ros2_ws/install/action_interfaces/share/action_interfaces/cmake/export_action_interfaces__rosidl_generator_pyExport-noconfig.cmake
[3.766s] -- Up-to-date: /home/zheka/ROS2-Fleet-Management/ros2_ws/install/action_interfaces/share/action_interfaces/cmake/rosidl_cmake-extras.cmake
[3.766s] -- Up-to-date: /home/zheka/ROS2-Fleet-Management/ros2_ws/install/action_interfaces/share/action_interfaces/cmake/ament_cmake_export_dependencies-extras.cmake
[3.766s] -- Up-to-date: /home/zheka/ROS2-Fleet-Management/ros2_ws/install/action_interfaces/share/action_interfaces/cmake/ament_cmake_export_include_directories-extras.cmake
[3.766s] -- Up-to-date: /home/zheka/ROS2-Fleet-Management/ros2_ws/install/action_interfaces/share/action_interfaces/cmake/ament_cmake_export_libraries-extras.cmake
[3.766s] -- Up-to-date: /home/zheka/ROS2-Fleet-Management/ros2_ws/install/action_interfaces/share/action_interfaces/cmake/ament_cmake_export_targets-extras.cmake
[3.766s] -- Up-to-date: /home/zheka/ROS2-Fleet-Management/ros2_ws/install/action_interfaces/share/action_interfaces/cmake/rosidl_cmake_export_typesupport_targets-extras.cmake
[3.766s] -- Up-to-date: /home/zheka/ROS2-Fleet-Management/ros2_ws/install/action_interfaces/share/action_interfaces/cmake/rosidl_cmake_export_typesupport_libraries-extras.cmake
[3.766s] -- Up-to-date: /home/zheka/ROS2-Fleet-Management/ros2_ws/install/action_interfaces/share/action_interfaces/cmake/action_interfacesConfig.cmake
[3.766s] -- Up-to-date: /home/zheka/ROS2-Fleet-Management/ros2_ws/install/action_interfaces/share/action_interfaces/cmake/action_interfacesConfig-version.cmake
[3.766s] -- Up-to-date: /home/zheka/ROS2-Fleet-Management/ros2_ws/install/action_interfaces/share/action_interfaces/package.xml
[3.768s] Invoked command in '/home/zheka/ROS2-Fleet-Management/ros2_ws/build/action_interfaces' returned '0': CMAKE_PREFIX_PATH=${CMAKE_PREFIX_PATH}:/opt/ros/humble /usr/bin/cmake --install /home/zheka/ROS2-Fleet-Management/ros2_ws/build/action_interfaces
